C:\USERS\CONOR\DOCUMENTS\VISUAL STUDIO 2012\PROJECTS\APPROACH_TWO\APPROACH_TWO\DEBUG\SOURCE.OBJ
C:\USERS\CONOR\DOCUMENTS\VISUAL STUDIO 2012\PROJECTS\APPROACH_TWO\APPROACH_TWO\DEBUG\VC110.PDB
C:\USERS\CONOR\DOCUMENTS\VISUAL STUDIO 2012\PROJECTS\APPROACH_TWO\APPROACH_TWO\DEBUG\PLAYER.OBJ
C:\USERS\CONOR\DOCUMENTS\VISUAL STUDIO 2012\PROJECTS\APPROACH_TWO\APPROACH_TWO\DEBUG\LEADERBOARD.OBJ
C:\USERS\CONOR\DOCUMENTS\VISUAL STUDIO 2012\PROJECTS\APPROACH_TWO\DEBUG\APPROACH_TWO.ILK
C:\USERS\CONOR\DOCUMENTS\VISUAL STUDIO 2012\PROJECTS\APPROACH_TWO\DEBUG\APPROACH_TWO.EXE
C:\USERS\CONOR\DOCUMENTS\VISUAL STUDIO 2012\PROJECTS\APPROACH_TWO\DEBUG\APPROACH_TWO.PDB
C:\Users\Conor\documents\visual studio 2012\Projects\Approach_Two\Approach_Two\Debug\leaderBoard.obj
C:\Users\Conor\documents\visual studio 2012\Projects\Approach_Two\Approach_Two\Debug\player.obj
C:\Users\Conor\documents\visual studio 2012\Projects\Approach_Two\Approach_Two\Debug\Source.obj
C:\Users\Conor\documents\visual studio 2012\Projects\Approach_Two\Approach_Two\Debug\cl.command.1.tlog
C:\Users\Conor\documents\visual studio 2012\Projects\Approach_Two\Approach_Two\Debug\CL.read.1.tlog
C:\Users\Conor\documents\visual studio 2012\Projects\Approach_Two\Approach_Two\Debug\CL.write.1.tlog
C:\Users\Conor\documents\visual studio 2012\Projects\Approach_Two\Approach_Two\Debug\link-cvtres.read.1.tlog
C:\Users\Conor\documents\visual studio 2012\Projects\Approach_Two\Approach_Two\Debug\link-cvtres.write.1.tlog
C:\Users\Conor\documents\visual studio 2012\Projects\Approach_Two\Approach_Two\Debug\link-rc.read.1.tlog
C:\Users\Conor\documents\visual studio 2012\Projects\Approach_Two\Approach_Two\Debug\link-rc.write.1.tlog
C:\Users\Conor\documents\visual studio 2012\Projects\Approach_Two\Approach_Two\Debug\link.10328-cvtres.read.1.tlog
C:\Users\Conor\documents\visual studio 2012\Projects\Approach_Two\Approach_Two\Debug\link.10328-cvtres.write.1.tlog
C:\Users\Conor\documents\visual studio 2012\Projects\Approach_Two\Approach_Two\Debug\link.10328-rc.read.1.tlog
C:\Users\Conor\documents\visual studio 2012\Projects\Approach_Two\Approach_Two\Debug\link.10328-rc.write.1.tlog
C:\Users\Conor\documents\visual studio 2012\Projects\Approach_Two\Approach_Two\Debug\link.10328.read.1.tlog
C:\Users\Conor\documents\visual studio 2012\Projects\Approach_Two\Approach_Two\Debug\link.10328.write.1.tlog
C:\Users\Conor\documents\visual studio 2012\Projects\Approach_Two\Approach_Two\Debug\link.10336-cvtres.read.1.tlog
C:\Users\Conor\documents\visual studio 2012\Projects\Approach_Two\Approach_Two\Debug\link.10336-cvtres.write.1.tlog
C:\Users\Conor\documents\visual studio 2012\Projects\Approach_Two\Approach_Two\Debug\link.10336-rc.read.1.tlog
C:\Users\Conor\documents\visual studio 2012\Projects\Approach_Two\Approach_Two\Debug\link.10336-rc.write.1.tlog
C:\Users\Conor\documents\visual studio 2012\Projects\Approach_Two\Approach_Two\Debug\link.10336.read.1.tlog
C:\Users\Conor\documents\visual studio 2012\Projects\Approach_Two\Approach_Two\Debug\link.10336.write.1.tlog
C:\Users\Conor\documents\visual studio 2012\Projects\Approach_Two\Approach_Two\Debug\link.10412-cvtres.read.1.tlog
C:\Users\Conor\documents\visual studio 2012\Projects\Approach_Two\Approach_Two\Debug\link.10412-cvtres.write.1.tlog
C:\Users\Conor\documents\visual studio 2012\Projects\Approach_Two\Approach_Two\Debug\link.10412-rc.read.1.tlog
C:\Users\Conor\documents\visual studio 2012\Projects\Approach_Two\Approach_Two\Debug\link.10412-rc.write.1.tlog
C:\Users\Conor\documents\visual studio 2012\Projects\Approach_Two\Approach_Two\Debug\link.10412.read.1.tlog
C:\Users\Conor\documents\visual studio 2012\Projects\Approach_Two\Approach_Two\Debug\link.10412.write.1.tlog
C:\Users\Conor\documents\visual studio 2012\Projects\Approach_Two\Approach_Two\Debug\link.10456-cvtres.read.1.tlog
C:\Users\Conor\documents\visual studio 2012\Projects\Approach_Two\Approach_Two\Debug\link.10456-cvtres.write.1.tlog
C:\Users\Conor\documents\visual studio 2012\Projects\Approach_Two\Approach_Two\Debug\link.10456-rc.read.1.tlog
C:\Users\Conor\documents\visual studio 2012\Projects\Approach_Two\Approach_Two\Debug\link.10456-rc.write.1.tlog
C:\Users\Conor\documents\visual studio 2012\Projects\Approach_Two\Approach_Two\Debug\link.10456.read.1.tlog
C:\Users\Conor\documents\visual studio 2012\Projects\Approach_Two\Approach_Two\Debug\link.10456.write.1.tlog
C:\Users\Conor\documents\visual studio 2012\Projects\Approach_Two\Approach_Two\Debug\link.10472-cvtres.read.1.tlog
C:\Users\Conor\documents\visual studio 2012\Projects\Approach_Two\Approach_Two\Debug\link.10472-cvtres.write.1.tlog
C:\Users\Conor\documents\visual studio 2012\Projects\Approach_Two\Approach_Two\Debug\link.10472-rc.read.1.tlog
C:\Users\Conor\documents\visual studio 2012\Projects\Approach_Two\Approach_Two\Debug\link.10472-rc.write.1.tlog
C:\Users\Conor\documents\visual studio 2012\Projects\Approach_Two\Approach_Two\Debug\link.10472.read.1.tlog
C:\Users\Conor\documents\visual studio 2012\Projects\Approach_Two\Approach_Two\Debug\link.10472.write.1.tlog
C:\Users\Conor\documents\visual studio 2012\Projects\Approach_Two\Approach_Two\Debug\link.10624-cvtres.read.1.tlog
C:\Users\Conor\documents\visual studio 2012\Projects\Approach_Two\Approach_Two\Debug\link.10624-cvtres.write.1.tlog
C:\Users\Conor\documents\visual studio 2012\Projects\Approach_Two\Approach_Two\Debug\link.10624-rc.read.1.tlog
C:\Users\Conor\documents\visual studio 2012\Projects\Approach_Two\Approach_Two\Debug\link.10624-rc.write.1.tlog
C:\Users\Conor\documents\visual studio 2012\Projects\Approach_Two\Approach_Two\Debug\link.10624.read.1.tlog
C:\Users\Conor\documents\visual studio 2012\Projects\Approach_Two\Approach_Two\Debug\link.10624.write.1.tlog
C:\Users\Conor\documents\visual studio 2012\Projects\Approach_Two\Approach_Two\Debug\link.10752-cvtres.read.1.tlog
C:\Users\Conor\documents\visual studio 2012\Projects\Approach_Two\Approach_Two\Debug\link.10752-cvtres.write.1.tlog
C:\Users\Conor\documents\visual studio 2012\Projects\Approach_Two\Approach_Two\Debug\link.10752-rc.read.1.tlog
C:\Users\Conor\documents\visual studio 2012\Projects\Approach_Two\Approach_Two\Debug\link.10752-rc.write.1.tlog
C:\Users\Conor\documents\visual studio 2012\Projects\Approach_Two\Approach_Two\Debug\link.10752.read.1.tlog
C:\Users\Conor\documents\visual studio 2012\Projects\Approach_Two\Approach_Two\Debug\link.10752.write.1.tlog
C:\Users\Conor\documents\visual studio 2012\Projects\Approach_Two\Approach_Two\Debug\link.10888-cvtres.read.1.tlog
C:\Users\Conor\documents\visual studio 2012\Projects\Approach_Two\Approach_Two\Debug\link.10888-cvtres.write.1.tlog
C:\Users\Conor\documents\visual studio 2012\Projects\Approach_Two\Approach_Two\Debug\link.10888-rc.read.1.tlog
C:\Users\Conor\documents\visual studio 2012\Projects\Approach_Two\Approach_Two\Debug\link.10888-rc.write.1.tlog
C:\Users\Conor\documents\visual studio 2012\Projects\Approach_Two\Approach_Two\Debug\link.10888.read.1.tlog
C:\Users\Conor\documents\visual studio 2012\Projects\Approach_Two\Approach_Two\Debug\link.10888.write.1.tlog
C:\Users\Conor\documents\visual studio 2012\Projects\Approach_Two\Approach_Two\Debug\link.10908-cvtres.read.1.tlog
C:\Users\Conor\documents\visual studio 2012\Projects\Approach_Two\Approach_Two\Debug\link.10908-cvtres.write.1.tlog
C:\Users\Conor\documents\visual studio 2012\Projects\Approach_Two\Approach_Two\Debug\link.10908-rc.read.1.tlog
C:\Users\Conor\documents\visual studio 2012\Projects\Approach_Two\Approach_Two\Debug\link.10908-rc.write.1.tlog
C:\Users\Conor\documents\visual studio 2012\Projects\Approach_Two\Approach_Two\Debug\link.10908.read.1.tlog
C:\Users\Conor\documents\visual studio 2012\Projects\Approach_Two\Approach_Two\Debug\link.10908.write.1.tlog
C:\Users\Conor\documents\visual studio 2012\Projects\Approach_Two\Approach_Two\Debug\link.11076-cvtres.read.1.tlog
C:\Users\Conor\documents\visual studio 2012\Projects\Approach_Two\Approach_Two\Debug\link.11076-cvtres.write.1.tlog
C:\Users\Conor\documents\visual studio 2012\Projects\Approach_Two\Approach_Two\Debug\link.11076-rc.read.1.tlog
C:\Users\Conor\documents\visual studio 2012\Projects\Approach_Two\Approach_Two\Debug\link.11076-rc.write.1.tlog
C:\Users\Conor\documents\visual studio 2012\Projects\Approach_Two\Approach_Two\Debug\link.11076.read.1.tlog
C:\Users\Conor\documents\visual studio 2012\Projects\Approach_Two\Approach_Two\Debug\link.11076.write.1.tlog
C:\Users\Conor\documents\visual studio 2012\Projects\Approach_Two\Approach_Two\Debug\link.11132-cvtres.read.1.tlog
C:\Users\Conor\documents\visual studio 2012\Projects\Approach_Two\Approach_Two\Debug\link.11132-cvtres.write.1.tlog
C:\Users\Conor\documents\visual studio 2012\Projects\Approach_Two\Approach_Two\Debug\link.11132-rc.read.1.tlog
C:\Users\Conor\documents\visual studio 2012\Projects\Approach_Two\Approach_Two\Debug\link.11132-rc.write.1.tlog
C:\Users\Conor\documents\visual studio 2012\Projects\Approach_Two\Approach_Two\Debug\link.11132.read.1.tlog
C:\Users\Conor\documents\visual studio 2012\Projects\Approach_Two\Approach_Two\Debug\link.11132.write.1.tlog
C:\Users\Conor\documents\visual studio 2012\Projects\Approach_Two\Approach_Two\Debug\link.11468-cvtres.read.1.tlog
C:\Users\Conor\documents\visual studio 2012\Projects\Approach_Two\Approach_Two\Debug\link.11468-cvtres.write.1.tlog
C:\Users\Conor\documents\visual studio 2012\Projects\Approach_Two\Approach_Two\Debug\link.11468-rc.read.1.tlog
C:\Users\Conor\documents\visual studio 2012\Projects\Approach_Two\Approach_Two\Debug\link.11468-rc.write.1.tlog
C:\Users\Conor\documents\visual studio 2012\Projects\Approach_Two\Approach_Two\Debug\link.11468.read.1.tlog
C:\Users\Conor\documents\visual studio 2012\Projects\Approach_Two\Approach_Two\Debug\link.11468.write.1.tlog
C:\Users\Conor\documents\visual studio 2012\Projects\Approach_Two\Approach_Two\Debug\link.11956-cvtres.read.1.tlog
C:\Users\Conor\documents\visual studio 2012\Projects\Approach_Two\Approach_Two\Debug\link.11956-cvtres.write.1.tlog
C:\Users\Conor\documents\visual studio 2012\Projects\Approach_Two\Approach_Two\Debug\link.11956-rc.read.1.tlog
C:\Users\Conor\documents\visual studio 2012\Projects\Approach_Two\Approach_Two\Debug\link.11956-rc.write.1.tlog
C:\Users\Conor\documents\visual studio 2012\Projects\Approach_Two\Approach_Two\Debug\link.11956.read.1.tlog
C:\Users\Conor\documents\visual studio 2012\Projects\Approach_Two\Approach_Two\Debug\link.11956.write.1.tlog
C:\Users\Conor\documents\visual studio 2012\Projects\Approach_Two\Approach_Two\Debug\link.12420-cvtres.read.1.tlog
C:\Users\Conor\documents\visual studio 2012\Projects\Approach_Two\Approach_Two\Debug\link.12420-cvtres.write.1.tlog
C:\Users\Conor\documents\visual studio 2012\Projects\Approach_Two\Approach_Two\Debug\link.12420-rc.read.1.tlog
C:\Users\Conor\documents\visual studio 2012\Projects\Approach_Two\Approach_Two\Debug\link.12420-rc.write.1.tlog
C:\Users\Conor\documents\visual studio 2012\Projects\Approach_Two\Approach_Two\Debug\link.12420.read.1.tlog
C:\Users\Conor\documents\visual studio 2012\Projects\Approach_Two\Approach_Two\Debug\link.12420.write.1.tlog
C:\Users\Conor\documents\visual studio 2012\Projects\Approach_Two\Approach_Two\Debug\link.12452-cvtres.read.1.tlog
C:\Users\Conor\documents\visual studio 2012\Projects\Approach_Two\Approach_Two\Debug\link.12452-cvtres.write.1.tlog
C:\Users\Conor\documents\visual studio 2012\Projects\Approach_Two\Approach_Two\Debug\link.12452-rc.read.1.tlog
C:\Users\Conor\documents\visual studio 2012\Projects\Approach_Two\Approach_Two\Debug\link.12452-rc.write.1.tlog
C:\Users\Conor\documents\visual studio 2012\Projects\Approach_Two\Approach_Two\Debug\link.12452.read.1.tlog
C:\Users\Conor\documents\visual studio 2012\Projects\Approach_Two\Approach_Two\Debug\link.12452.write.1.tlog
C:\Users\Conor\documents\visual studio 2012\Projects\Approach_Two\Approach_Two\Debug\link.12532-cvtres.read.1.tlog
C:\Users\Conor\documents\visual studio 2012\Projects\Approach_Two\Approach_Two\Debug\link.12532-cvtres.write.1.tlog
C:\Users\Conor\documents\visual studio 2012\Projects\Approach_Two\Approach_Two\Debug\link.12532-rc.read.1.tlog
C:\Users\Conor\documents\visual studio 2012\Projects\Approach_Two\Approach_Two\Debug\link.12532-rc.write.1.tlog
C:\Users\Conor\documents\visual studio 2012\Projects\Approach_Two\Approach_Two\Debug\link.12532.read.1.tlog
C:\Users\Conor\documents\visual studio 2012\Projects\Approach_Two\Approach_Two\Debug\link.12532.write.1.tlog
C:\Users\Conor\documents\visual studio 2012\Projects\Approach_Two\Approach_Two\Debug\link.12540-cvtres.read.1.tlog
C:\Users\Conor\documents\visual studio 2012\Projects\Approach_Two\Approach_Two\Debug\link.12540-cvtres.write.1.tlog
C:\Users\Conor\documents\visual studio 2012\Projects\Approach_Two\Approach_Two\Debug\link.12540-rc.read.1.tlog
C:\Users\Conor\documents\visual studio 2012\Projects\Approach_Two\Approach_Two\Debug\link.12540-rc.write.1.tlog
C:\Users\Conor\documents\visual studio 2012\Projects\Approach_Two\Approach_Two\Debug\link.12540.read.1.tlog
C:\Users\Conor\documents\visual studio 2012\Projects\Approach_Two\Approach_Two\Debug\link.12540.write.1.tlog
C:\Users\Conor\documents\visual studio 2012\Projects\Approach_Two\Approach_Two\Debug\link.12652-cvtres.read.1.tlog
C:\Users\Conor\documents\visual studio 2012\Projects\Approach_Two\Approach_Two\Debug\link.12652-cvtres.write.1.tlog
C:\Users\Conor\documents\visual studio 2012\Projects\Approach_Two\Approach_Two\Debug\link.12652-rc.read.1.tlog
C:\Users\Conor\documents\visual studio 2012\Projects\Approach_Two\Approach_Two\Debug\link.12652-rc.write.1.tlog
C:\Users\Conor\documents\visual studio 2012\Projects\Approach_Two\Approach_Two\Debug\link.12652.read.1.tlog
C:\Users\Conor\documents\visual studio 2012\Projects\Approach_Two\Approach_Two\Debug\link.12652.write.1.tlog
C:\Users\Conor\documents\visual studio 2012\Projects\Approach_Two\Approach_Two\Debug\link.12684-cvtres.read.1.tlog
C:\Users\Conor\documents\visual studio 2012\Projects\Approach_Two\Approach_Two\Debug\link.12684-cvtres.write.1.tlog
C:\Users\Conor\documents\visual studio 2012\Projects\Approach_Two\Approach_Two\Debug\link.12684-rc.read.1.tlog
C:\Users\Conor\documents\visual studio 2012\Projects\Approach_Two\Approach_Two\Debug\link.12684-rc.write.1.tlog
C:\Users\Conor\documents\visual studio 2012\Projects\Approach_Two\Approach_Two\Debug\link.12684.read.1.tlog
C:\Users\Conor\documents\visual studio 2012\Projects\Approach_Two\Approach_Two\Debug\link.12684.write.1.tlog
C:\Users\Conor\documents\visual studio 2012\Projects\Approach_Two\Approach_Two\Debug\link.12712-cvtres.read.1.tlog
C:\Users\Conor\documents\visual studio 2012\Projects\Approach_Two\Approach_Two\Debug\link.12712-cvtres.write.1.tlog
C:\Users\Conor\documents\visual studio 2012\Projects\Approach_Two\Approach_Two\Debug\link.12712-rc.read.1.tlog
C:\Users\Conor\documents\visual studio 2012\Projects\Approach_Two\Approach_Two\Debug\link.12712-rc.write.1.tlog
C:\Users\Conor\documents\visual studio 2012\Projects\Approach_Two\Approach_Two\Debug\link.12712.read.1.tlog
C:\Users\Conor\documents\visual studio 2012\Projects\Approach_Two\Approach_Two\Debug\link.12712.write.1.tlog
C:\Users\Conor\documents\visual studio 2012\Projects\Approach_Two\Approach_Two\Debug\link.12852-cvtres.read.1.tlog
C:\Users\Conor\documents\visual studio 2012\Projects\Approach_Two\Approach_Two\Debug\link.12852-cvtres.write.1.tlog
C:\Users\Conor\documents\visual studio 2012\Projects\Approach_Two\Approach_Two\Debug\link.12852-rc.read.1.tlog
C:\Users\Conor\documents\visual studio 2012\Projects\Approach_Two\Approach_Two\Debug\link.12852-rc.write.1.tlog
C:\Users\Conor\documents\visual studio 2012\Projects\Approach_Two\Approach_Two\Debug\link.12852.read.1.tlog
C:\Users\Conor\documents\visual studio 2012\Projects\Approach_Two\Approach_Two\Debug\link.12852.write.1.tlog
C:\Users\Conor\documents\visual studio 2012\Projects\Approach_Two\Approach_Two\Debug\link.12856-cvtres.read.1.tlog
C:\Users\Conor\documents\visual studio 2012\Projects\Approach_Two\Approach_Two\Debug\link.12856-cvtres.write.1.tlog
C:\Users\Conor\documents\visual studio 2012\Projects\Approach_Two\Approach_Two\Debug\link.12856-rc.read.1.tlog
C:\Users\Conor\documents\visual studio 2012\Projects\Approach_Two\Approach_Two\Debug\link.12856-rc.write.1.tlog
C:\Users\Conor\documents\visual studio 2012\Projects\Approach_Two\Approach_Two\Debug\link.12856.read.1.tlog
C:\Users\Conor\documents\visual studio 2012\Projects\Approach_Two\Approach_Two\Debug\link.12856.write.1.tlog
C:\Users\Conor\documents\visual studio 2012\Projects\Approach_Two\Approach_Two\Debug\link.13200-cvtres.read.1.tlog
C:\Users\Conor\documents\visual studio 2012\Projects\Approach_Two\Approach_Two\Debug\link.13200-cvtres.write.1.tlog
C:\Users\Conor\documents\visual studio 2012\Projects\Approach_Two\Approach_Two\Debug\link.13200-rc.read.1.tlog
C:\Users\Conor\documents\visual studio 2012\Projects\Approach_Two\Approach_Two\Debug\link.13200-rc.write.1.tlog
C:\Users\Conor\documents\visual studio 2012\Projects\Approach_Two\Approach_Two\Debug\link.13200.read.1.tlog
C:\Users\Conor\documents\visual studio 2012\Projects\Approach_Two\Approach_Two\Debug\link.13200.write.1.tlog
C:\Users\Conor\documents\visual studio 2012\Projects\Approach_Two\Approach_Two\Debug\link.13240-cvtres.read.1.tlog
C:\Users\Conor\documents\visual studio 2012\Projects\Approach_Two\Approach_Two\Debug\link.13240-cvtres.write.1.tlog
C:\Users\Conor\documents\visual studio 2012\Projects\Approach_Two\Approach_Two\Debug\link.13240-rc.read.1.tlog
C:\Users\Conor\documents\visual studio 2012\Projects\Approach_Two\Approach_Two\Debug\link.13240-rc.write.1.tlog
C:\Users\Conor\documents\visual studio 2012\Projects\Approach_Two\Approach_Two\Debug\link.13240.read.1.tlog
C:\Users\Conor\documents\visual studio 2012\Projects\Approach_Two\Approach_Two\Debug\link.13240.write.1.tlog
C:\Users\Conor\documents\visual studio 2012\Projects\Approach_Two\Approach_Two\Debug\link.13400-cvtres.read.1.tlog
C:\Users\Conor\documents\visual studio 2012\Projects\Approach_Two\Approach_Two\Debug\link.13400-cvtres.write.1.tlog
C:\Users\Conor\documents\visual studio 2012\Projects\Approach_Two\Approach_Two\Debug\link.13400-rc.read.1.tlog
C:\Users\Conor\documents\visual studio 2012\Projects\Approach_Two\Approach_Two\Debug\link.13400-rc.write.1.tlog
C:\Users\Conor\documents\visual studio 2012\Projects\Approach_Two\Approach_Two\Debug\link.13400.read.1.tlog
C:\Users\Conor\documents\visual studio 2012\Projects\Approach_Two\Approach_Two\Debug\link.13400.write.1.tlog
C:\Users\Conor\documents\visual studio 2012\Projects\Approach_Two\Approach_Two\Debug\link.13408-cvtres.read.1.tlog
C:\Users\Conor\documents\visual studio 2012\Projects\Approach_Two\Approach_Two\Debug\link.13408-cvtres.write.1.tlog
C:\Users\Conor\documents\visual studio 2012\Projects\Approach_Two\Approach_Two\Debug\link.13408-rc.read.1.tlog
C:\Users\Conor\documents\visual studio 2012\Projects\Approach_Two\Approach_Two\Debug\link.13408-rc.write.1.tlog
C:\Users\Conor\documents\visual studio 2012\Projects\Approach_Two\Approach_Two\Debug\link.13408.read.1.tlog
C:\Users\Conor\documents\visual studio 2012\Projects\Approach_Two\Approach_Two\Debug\link.13408.write.1.tlog
C:\Users\Conor\documents\visual studio 2012\Projects\Approach_Two\Approach_Two\Debug\link.13476-cvtres.read.1.tlog
C:\Users\Conor\documents\visual studio 2012\Projects\Approach_Two\Approach_Two\Debug\link.13476-cvtres.write.1.tlog
C:\Users\Conor\documents\visual studio 2012\Projects\Approach_Two\Approach_Two\Debug\link.13476-rc.read.1.tlog
C:\Users\Conor\documents\visual studio 2012\Projects\Approach_Two\Approach_Two\Debug\link.13476-rc.write.1.tlog
C:\Users\Conor\documents\visual studio 2012\Projects\Approach_Two\Approach_Two\Debug\link.13476.read.1.tlog
C:\Users\Conor\documents\visual studio 2012\Projects\Approach_Two\Approach_Two\Debug\link.13476.write.1.tlog
C:\Users\Conor\documents\visual studio 2012\Projects\Approach_Two\Approach_Two\Debug\link.13872-cvtres.read.1.tlog
C:\Users\Conor\documents\visual studio 2012\Projects\Approach_Two\Approach_Two\Debug\link.13872-cvtres.write.1.tlog
C:\Users\Conor\documents\visual studio 2012\Projects\Approach_Two\Approach_Two\Debug\link.13872-rc.read.1.tlog
C:\Users\Conor\documents\visual studio 2012\Projects\Approach_Two\Approach_Two\Debug\link.13872-rc.write.1.tlog
C:\Users\Conor\documents\visual studio 2012\Projects\Approach_Two\Approach_Two\Debug\link.13872.read.1.tlog
C:\Users\Conor\documents\visual studio 2012\Projects\Approach_Two\Approach_Two\Debug\link.13872.write.1.tlog
C:\Users\Conor\documents\visual studio 2012\Projects\Approach_Two\Approach_Two\Debug\link.14256-cvtres.read.1.tlog
C:\Users\Conor\documents\visual studio 2012\Projects\Approach_Two\Approach_Two\Debug\link.14256-cvtres.write.1.tlog
C:\Users\Conor\documents\visual studio 2012\Projects\Approach_Two\Approach_Two\Debug\link.14256-rc.read.1.tlog
C:\Users\Conor\documents\visual studio 2012\Projects\Approach_Two\Approach_Two\Debug\link.14256-rc.write.1.tlog
C:\Users\Conor\documents\visual studio 2012\Projects\Approach_Two\Approach_Two\Debug\link.14256.read.1.tlog
C:\Users\Conor\documents\visual studio 2012\Projects\Approach_Two\Approach_Two\Debug\link.14256.write.1.tlog
C:\Users\Conor\documents\visual studio 2012\Projects\Approach_Two\Approach_Two\Debug\link.14404-cvtres.read.1.tlog
C:\Users\Conor\documents\visual studio 2012\Projects\Approach_Two\Approach_Two\Debug\link.14404-cvtres.write.1.tlog
C:\Users\Conor\documents\visual studio 2012\Projects\Approach_Two\Approach_Two\Debug\link.14404-rc.read.1.tlog
C:\Users\Conor\documents\visual studio 2012\Projects\Approach_Two\Approach_Two\Debug\link.14404-rc.write.1.tlog
C:\Users\Conor\documents\visual studio 2012\Projects\Approach_Two\Approach_Two\Debug\link.14404.read.1.tlog
C:\Users\Conor\documents\visual studio 2012\Projects\Approach_Two\Approach_Two\Debug\link.14404.write.1.tlog
C:\Users\Conor\documents\visual studio 2012\Projects\Approach_Two\Approach_Two\Debug\link.14412-cvtres.read.1.tlog
C:\Users\Conor\documents\visual studio 2012\Projects\Approach_Two\Approach_Two\Debug\link.14412-cvtres.write.1.tlog
C:\Users\Conor\documents\visual studio 2012\Projects\Approach_Two\Approach_Two\Debug\link.14412-rc.read.1.tlog
C:\Users\Conor\documents\visual studio 2012\Projects\Approach_Two\Approach_Two\Debug\link.14412-rc.write.1.tlog
C:\Users\Conor\documents\visual studio 2012\Projects\Approach_Two\Approach_Two\Debug\link.14412.read.1.tlog
C:\Users\Conor\documents\visual studio 2012\Projects\Approach_Two\Approach_Two\Debug\link.14412.write.1.tlog
C:\Users\Conor\documents\visual studio 2012\Projects\Approach_Two\Approach_Two\Debug\link.14448-cvtres.read.1.tlog
C:\Users\Conor\documents\visual studio 2012\Projects\Approach_Two\Approach_Two\Debug\link.14448-cvtres.write.1.tlog
C:\Users\Conor\documents\visual studio 2012\Projects\Approach_Two\Approach_Two\Debug\link.14448-rc.read.1.tlog
C:\Users\Conor\documents\visual studio 2012\Projects\Approach_Two\Approach_Two\Debug\link.14448-rc.write.1.tlog
C:\Users\Conor\documents\visual studio 2012\Projects\Approach_Two\Approach_Two\Debug\link.14448.read.1.tlog
C:\Users\Conor\documents\visual studio 2012\Projects\Approach_Two\Approach_Two\Debug\link.14448.write.1.tlog
C:\Users\Conor\documents\visual studio 2012\Projects\Approach_Two\Approach_Two\Debug\link.14556-cvtres.read.1.tlog
C:\Users\Conor\documents\visual studio 2012\Projects\Approach_Two\Approach_Two\Debug\link.14556-cvtres.write.1.tlog
C:\Users\Conor\documents\visual studio 2012\Projects\Approach_Two\Approach_Two\Debug\link.14556-rc.read.1.tlog
C:\Users\Conor\documents\visual studio 2012\Projects\Approach_Two\Approach_Two\Debug\link.14556-rc.write.1.tlog
C:\Users\Conor\documents\visual studio 2012\Projects\Approach_Two\Approach_Two\Debug\link.14556.read.1.tlog
C:\Users\Conor\documents\visual studio 2012\Projects\Approach_Two\Approach_Two\Debug\link.14556.write.1.tlog
C:\Users\Conor\documents\visual studio 2012\Projects\Approach_Two\Approach_Two\Debug\link.14696-cvtres.read.1.tlog
C:\Users\Conor\documents\visual studio 2012\Projects\Approach_Two\Approach_Two\Debug\link.14696-cvtres.write.1.tlog
C:\Users\Conor\documents\visual studio 2012\Projects\Approach_Two\Approach_Two\Debug\link.14696-rc.read.1.tlog
C:\Users\Conor\documents\visual studio 2012\Projects\Approach_Two\Approach_Two\Debug\link.14696-rc.write.1.tlog
C:\Users\Conor\documents\visual studio 2012\Projects\Approach_Two\Approach_Two\Debug\link.14696.read.1.tlog
C:\Users\Conor\documents\visual studio 2012\Projects\Approach_Two\Approach_Two\Debug\link.14696.write.1.tlog
C:\Users\Conor\documents\visual studio 2012\Projects\Approach_Two\Approach_Two\Debug\link.14748-cvtres.read.1.tlog
C:\Users\Conor\documents\visual studio 2012\Projects\Approach_Two\Approach_Two\Debug\link.14748-cvtres.write.1.tlog
C:\Users\Conor\documents\visual studio 2012\Projects\Approach_Two\Approach_Two\Debug\link.14748-rc.read.1.tlog
C:\Users\Conor\documents\visual studio 2012\Projects\Approach_Two\Approach_Two\Debug\link.14748-rc.write.1.tlog
C:\Users\Conor\documents\visual studio 2012\Projects\Approach_Two\Approach_Two\Debug\link.14748.read.1.tlog
C:\Users\Conor\documents\visual studio 2012\Projects\Approach_Two\Approach_Two\Debug\link.14748.write.1.tlog
C:\Users\Conor\documents\visual studio 2012\Projects\Approach_Two\Approach_Two\Debug\link.15028-cvtres.read.1.tlog
C:\Users\Conor\documents\visual studio 2012\Projects\Approach_Two\Approach_Two\Debug\link.15028-cvtres.write.1.tlog
C:\Users\Conor\documents\visual studio 2012\Projects\Approach_Two\Approach_Two\Debug\link.15028-rc.read.1.tlog
C:\Users\Conor\documents\visual studio 2012\Projects\Approach_Two\Approach_Two\Debug\link.15028-rc.write.1.tlog
C:\Users\Conor\documents\visual studio 2012\Projects\Approach_Two\Approach_Two\Debug\link.15028.read.1.tlog
C:\Users\Conor\documents\visual studio 2012\Projects\Approach_Two\Approach_Two\Debug\link.15028.write.1.tlog
C:\Users\Conor\documents\visual studio 2012\Projects\Approach_Two\Approach_Two\Debug\link.15168-cvtres.read.1.tlog
C:\Users\Conor\documents\visual studio 2012\Projects\Approach_Two\Approach_Two\Debug\link.15168-cvtres.write.1.tlog
C:\Users\Conor\documents\visual studio 2012\Projects\Approach_Two\Approach_Two\Debug\link.15168-rc.read.1.tlog
C:\Users\Conor\documents\visual studio 2012\Projects\Approach_Two\Approach_Two\Debug\link.15168-rc.write.1.tlog
C:\Users\Conor\documents\visual studio 2012\Projects\Approach_Two\Approach_Two\Debug\link.15168.read.1.tlog
C:\Users\Conor\documents\visual studio 2012\Projects\Approach_Two\Approach_Two\Debug\link.15168.write.1.tlog
C:\Users\Conor\documents\visual studio 2012\Projects\Approach_Two\Approach_Two\Debug\link.15264-cvtres.read.1.tlog
C:\Users\Conor\documents\visual studio 2012\Projects\Approach_Two\Approach_Two\Debug\link.15264-cvtres.write.1.tlog
C:\Users\Conor\documents\visual studio 2012\Projects\Approach_Two\Approach_Two\Debug\link.15264-rc.read.1.tlog
C:\Users\Conor\documents\visual studio 2012\Projects\Approach_Two\Approach_Two\Debug\link.15264-rc.write.1.tlog
C:\Users\Conor\documents\visual studio 2012\Projects\Approach_Two\Approach_Two\Debug\link.15264.read.1.tlog
C:\Users\Conor\documents\visual studio 2012\Projects\Approach_Two\Approach_Two\Debug\link.15264.write.1.tlog
C:\Users\Conor\documents\visual studio 2012\Projects\Approach_Two\Approach_Two\Debug\link.15276-cvtres.read.1.tlog
C:\Users\Conor\documents\visual studio 2012\Projects\Approach_Two\Approach_Two\Debug\link.15276-cvtres.write.1.tlog
C:\Users\Conor\documents\visual studio 2012\Projects\Approach_Two\Approach_Two\Debug\link.15276-rc.read.1.tlog
C:\Users\Conor\documents\visual studio 2012\Projects\Approach_Two\Approach_Two\Debug\link.15276-rc.write.1.tlog
C:\Users\Conor\documents\visual studio 2012\Projects\Approach_Two\Approach_Two\Debug\link.15276.read.1.tlog
C:\Users\Conor\documents\visual studio 2012\Projects\Approach_Two\Approach_Two\Debug\link.15276.write.1.tlog
C:\Users\Conor\documents\visual studio 2012\Projects\Approach_Two\Approach_Two\Debug\link.15356-cvtres.read.1.tlog
C:\Users\Conor\documents\visual studio 2012\Projects\Approach_Two\Approach_Two\Debug\link.15356-cvtres.write.1.tlog
C:\Users\Conor\documents\visual studio 2012\Projects\Approach_Two\Approach_Two\Debug\link.15356-rc.read.1.tlog
C:\Users\Conor\documents\visual studio 2012\Projects\Approach_Two\Approach_Two\Debug\link.15356-rc.write.1.tlog
C:\Users\Conor\documents\visual studio 2012\Projects\Approach_Two\Approach_Two\Debug\link.15356.read.1.tlog
C:\Users\Conor\documents\visual studio 2012\Projects\Approach_Two\Approach_Two\Debug\link.15356.write.1.tlog
C:\Users\Conor\documents\visual studio 2012\Projects\Approach_Two\Approach_Two\Debug\link.15664-cvtres.read.1.tlog
C:\Users\Conor\documents\visual studio 2012\Projects\Approach_Two\Approach_Two\Debug\link.15664-cvtres.write.1.tlog
C:\Users\Conor\documents\visual studio 2012\Projects\Approach_Two\Approach_Two\Debug\link.15664-rc.read.1.tlog
C:\Users\Conor\documents\visual studio 2012\Projects\Approach_Two\Approach_Two\Debug\link.15664-rc.write.1.tlog
C:\Users\Conor\documents\visual studio 2012\Projects\Approach_Two\Approach_Two\Debug\link.15664.read.1.tlog
C:\Users\Conor\documents\visual studio 2012\Projects\Approach_Two\Approach_Two\Debug\link.15664.write.1.tlog
C:\Users\Conor\documents\visual studio 2012\Projects\Approach_Two\Approach_Two\Debug\link.15672-cvtres.read.1.tlog
C:\Users\Conor\documents\visual studio 2012\Projects\Approach_Two\Approach_Two\Debug\link.15672-cvtres.write.1.tlog
C:\Users\Conor\documents\visual studio 2012\Projects\Approach_Two\Approach_Two\Debug\link.15672-rc.read.1.tlog
C:\Users\Conor\documents\visual studio 2012\Projects\Approach_Two\Approach_Two\Debug\link.15672-rc.write.1.tlog
C:\Users\Conor\documents\visual studio 2012\Projects\Approach_Two\Approach_Two\Debug\link.15672.read.1.tlog
C:\Users\Conor\documents\visual studio 2012\Projects\Approach_Two\Approach_Two\Debug\link.15672.write.1.tlog
C:\Users\Conor\documents\visual studio 2012\Projects\Approach_Two\Approach_Two\Debug\link.15696-cvtres.read.1.tlog
C:\Users\Conor\documents\visual studio 2012\Projects\Approach_Two\Approach_Two\Debug\link.15696-cvtres.write.1.tlog
C:\Users\Conor\documents\visual studio 2012\Projects\Approach_Two\Approach_Two\Debug\link.15696-rc.read.1.tlog
C:\Users\Conor\documents\visual studio 2012\Projects\Approach_Two\Approach_Two\Debug\link.15696-rc.write.1.tlog
C:\Users\Conor\documents\visual studio 2012\Projects\Approach_Two\Approach_Two\Debug\link.15696.read.1.tlog
C:\Users\Conor\documents\visual studio 2012\Projects\Approach_Two\Approach_Two\Debug\link.15696.write.1.tlog
C:\Users\Conor\documents\visual studio 2012\Projects\Approach_Two\Approach_Two\Debug\link.15716-cvtres.read.1.tlog
C:\Users\Conor\documents\visual studio 2012\Projects\Approach_Two\Approach_Two\Debug\link.15716-cvtres.write.1.tlog
C:\Users\Conor\documents\visual studio 2012\Projects\Approach_Two\Approach_Two\Debug\link.15716-rc.read.1.tlog
C:\Users\Conor\documents\visual studio 2012\Projects\Approach_Two\Approach_Two\Debug\link.15716-rc.write.1.tlog
C:\Users\Conor\documents\visual studio 2012\Projects\Approach_Two\Approach_Two\Debug\link.15716.read.1.tlog
C:\Users\Conor\documents\visual studio 2012\Projects\Approach_Two\Approach_Two\Debug\link.15716.write.1.tlog
C:\Users\Conor\documents\visual studio 2012\Projects\Approach_Two\Approach_Two\Debug\link.15752-cvtres.read.1.tlog
C:\Users\Conor\documents\visual studio 2012\Projects\Approach_Two\Approach_Two\Debug\link.15752-cvtres.write.1.tlog
C:\Users\Conor\documents\visual studio 2012\Projects\Approach_Two\Approach_Two\Debug\link.15752-rc.read.1.tlog
C:\Users\Conor\documents\visual studio 2012\Projects\Approach_Two\Approach_Two\Debug\link.15752-rc.write.1.tlog
C:\Users\Conor\documents\visual studio 2012\Projects\Approach_Two\Approach_Two\Debug\link.15752.read.1.tlog
C:\Users\Conor\documents\visual studio 2012\Projects\Approach_Two\Approach_Two\Debug\link.15752.write.1.tlog
C:\Users\Conor\documents\visual studio 2012\Projects\Approach_Two\Approach_Two\Debug\link.15840-cvtres.read.1.tlog
C:\Users\Conor\documents\visual studio 2012\Projects\Approach_Two\Approach_Two\Debug\link.15840-cvtres.write.1.tlog
C:\Users\Conor\documents\visual studio 2012\Projects\Approach_Two\Approach_Two\Debug\link.15840-rc.read.1.tlog
C:\Users\Conor\documents\visual studio 2012\Projects\Approach_Two\Approach_Two\Debug\link.15840-rc.write.1.tlog
C:\Users\Conor\documents\visual studio 2012\Projects\Approach_Two\Approach_Two\Debug\link.15840.read.1.tlog
C:\Users\Conor\documents\visual studio 2012\Projects\Approach_Two\Approach_Two\Debug\link.15840.write.1.tlog
C:\Users\Conor\documents\visual studio 2012\Projects\Approach_Two\Approach_Two\Debug\link.15936-cvtres.read.1.tlog
C:\Users\Conor\documents\visual studio 2012\Projects\Approach_Two\Approach_Two\Debug\link.15936-cvtres.write.1.tlog
C:\Users\Conor\documents\visual studio 2012\Projects\Approach_Two\Approach_Two\Debug\link.15936-rc.read.1.tlog
C:\Users\Conor\documents\visual studio 2012\Projects\Approach_Two\Approach_Two\Debug\link.15936-rc.write.1.tlog
C:\Users\Conor\documents\visual studio 2012\Projects\Approach_Two\Approach_Two\Debug\link.15936.read.1.tlog
C:\Users\Conor\documents\visual studio 2012\Projects\Approach_Two\Approach_Two\Debug\link.15936.write.1.tlog
C:\Users\Conor\documents\visual studio 2012\Projects\Approach_Two\Approach_Two\Debug\link.15964-cvtres.read.1.tlog
C:\Users\Conor\documents\visual studio 2012\Projects\Approach_Two\Approach_Two\Debug\link.15964-cvtres.write.1.tlog
C:\Users\Conor\documents\visual studio 2012\Projects\Approach_Two\Approach_Two\Debug\link.15964-rc.read.1.tlog
C:\Users\Conor\documents\visual studio 2012\Projects\Approach_Two\Approach_Two\Debug\link.15964-rc.write.1.tlog
C:\Users\Conor\documents\visual studio 2012\Projects\Approach_Two\Approach_Two\Debug\link.15964.read.1.tlog
C:\Users\Conor\documents\visual studio 2012\Projects\Approach_Two\Approach_Two\Debug\link.15964.write.1.tlog
C:\Users\Conor\documents\visual studio 2012\Projects\Approach_Two\Approach_Two\Debug\link.16192-cvtres.read.1.tlog
C:\Users\Conor\documents\visual studio 2012\Projects\Approach_Two\Approach_Two\Debug\link.16192-cvtres.write.1.tlog
C:\Users\Conor\documents\visual studio 2012\Projects\Approach_Two\Approach_Two\Debug\link.16192-rc.read.1.tlog
C:\Users\Conor\documents\visual studio 2012\Projects\Approach_Two\Approach_Two\Debug\link.16192-rc.write.1.tlog
C:\Users\Conor\documents\visual studio 2012\Projects\Approach_Two\Approach_Two\Debug\link.16192.read.1.tlog
C:\Users\Conor\documents\visual studio 2012\Projects\Approach_Two\Approach_Two\Debug\link.16192.write.1.tlog
C:\Users\Conor\documents\visual studio 2012\Projects\Approach_Two\Approach_Two\Debug\link.16380-cvtres.read.1.tlog
C:\Users\Conor\documents\visual studio 2012\Projects\Approach_Two\Approach_Two\Debug\link.16380-cvtres.write.1.tlog
C:\Users\Conor\documents\visual studio 2012\Projects\Approach_Two\Approach_Two\Debug\link.16380-rc.read.1.tlog
C:\Users\Conor\documents\visual studio 2012\Projects\Approach_Two\Approach_Two\Debug\link.16380-rc.write.1.tlog
C:\Users\Conor\documents\visual studio 2012\Projects\Approach_Two\Approach_Two\Debug\link.16380.read.1.tlog
C:\Users\Conor\documents\visual studio 2012\Projects\Approach_Two\Approach_Two\Debug\link.16380.write.1.tlog
C:\Users\Conor\documents\visual studio 2012\Projects\Approach_Two\Approach_Two\Debug\link.16592-cvtres.read.1.tlog
C:\Users\Conor\documents\visual studio 2012\Projects\Approach_Two\Approach_Two\Debug\link.16592-cvtres.write.1.tlog
C:\Users\Conor\documents\visual studio 2012\Projects\Approach_Two\Approach_Two\Debug\link.16592-rc.read.1.tlog
C:\Users\Conor\documents\visual studio 2012\Projects\Approach_Two\Approach_Two\Debug\link.16592-rc.write.1.tlog
C:\Users\Conor\documents\visual studio 2012\Projects\Approach_Two\Approach_Two\Debug\link.16592.read.1.tlog
C:\Users\Conor\documents\visual studio 2012\Projects\Approach_Two\Approach_Two\Debug\link.16592.write.1.tlog
C:\Users\Conor\documents\visual studio 2012\Projects\Approach_Two\Approach_Two\Debug\link.16736-cvtres.read.1.tlog
C:\Users\Conor\documents\visual studio 2012\Projects\Approach_Two\Approach_Two\Debug\link.16736-cvtres.write.1.tlog
C:\Users\Conor\documents\visual studio 2012\Projects\Approach_Two\Approach_Two\Debug\link.16736-rc.read.1.tlog
C:\Users\Conor\documents\visual studio 2012\Projects\Approach_Two\Approach_Two\Debug\link.16736-rc.write.1.tlog
C:\Users\Conor\documents\visual studio 2012\Projects\Approach_Two\Approach_Two\Debug\link.16736.read.1.tlog
C:\Users\Conor\documents\visual studio 2012\Projects\Approach_Two\Approach_Two\Debug\link.16736.write.1.tlog
C:\Users\Conor\documents\visual studio 2012\Projects\Approach_Two\Approach_Two\Debug\link.16812-cvtres.read.1.tlog
C:\Users\Conor\documents\visual studio 2012\Projects\Approach_Two\Approach_Two\Debug\link.16812-cvtres.write.1.tlog
C:\Users\Conor\documents\visual studio 2012\Projects\Approach_Two\Approach_Two\Debug\link.16812-rc.read.1.tlog
C:\Users\Conor\documents\visual studio 2012\Projects\Approach_Two\Approach_Two\Debug\link.16812-rc.write.1.tlog
C:\Users\Conor\documents\visual studio 2012\Projects\Approach_Two\Approach_Two\Debug\link.16812.read.1.tlog
C:\Users\Conor\documents\visual studio 2012\Projects\Approach_Two\Approach_Two\Debug\link.16812.write.1.tlog
C:\Users\Conor\documents\visual studio 2012\Projects\Approach_Two\Approach_Two\Debug\link.16840-cvtres.read.1.tlog
C:\Users\Conor\documents\visual studio 2012\Projects\Approach_Two\Approach_Two\Debug\link.16840-cvtres.write.1.tlog
C:\Users\Conor\documents\visual studio 2012\Projects\Approach_Two\Approach_Two\Debug\link.16840-rc.read.1.tlog
C:\Users\Conor\documents\visual studio 2012\Projects\Approach_Two\Approach_Two\Debug\link.16840-rc.write.1.tlog
C:\Users\Conor\documents\visual studio 2012\Projects\Approach_Two\Approach_Two\Debug\link.16840.read.1.tlog
C:\Users\Conor\documents\visual studio 2012\Projects\Approach_Two\Approach_Two\Debug\link.16840.write.1.tlog
C:\Users\Conor\documents\visual studio 2012\Projects\Approach_Two\Approach_Two\Debug\link.16924-cvtres.read.1.tlog
C:\Users\Conor\documents\visual studio 2012\Projects\Approach_Two\Approach_Two\Debug\link.16924-cvtres.write.1.tlog
C:\Users\Conor\documents\visual studio 2012\Projects\Approach_Two\Approach_Two\Debug\link.16924-rc.read.1.tlog
C:\Users\Conor\documents\visual studio 2012\Projects\Approach_Two\Approach_Two\Debug\link.16924-rc.write.1.tlog
C:\Users\Conor\documents\visual studio 2012\Projects\Approach_Two\Approach_Two\Debug\link.16924.read.1.tlog
C:\Users\Conor\documents\visual studio 2012\Projects\Approach_Two\Approach_Two\Debug\link.16924.write.1.tlog
C:\Users\Conor\documents\visual studio 2012\Projects\Approach_Two\Approach_Two\Debug\link.1748-cvtres.read.1.tlog
C:\Users\Conor\documents\visual studio 2012\Projects\Approach_Two\Approach_Two\Debug\link.1748-cvtres.write.1.tlog
C:\Users\Conor\documents\visual studio 2012\Projects\Approach_Two\Approach_Two\Debug\link.1748-rc.read.1.tlog
C:\Users\Conor\documents\visual studio 2012\Projects\Approach_Two\Approach_Two\Debug\link.1748-rc.write.1.tlog
C:\Users\Conor\documents\visual studio 2012\Projects\Approach_Two\Approach_Two\Debug\link.1748.read.1.tlog
C:\Users\Conor\documents\visual studio 2012\Projects\Approach_Two\Approach_Two\Debug\link.1748.write.1.tlog
C:\Users\Conor\documents\visual studio 2012\Projects\Approach_Two\Approach_Two\Debug\link.18444-cvtres.read.1.tlog
C:\Users\Conor\documents\visual studio 2012\Projects\Approach_Two\Approach_Two\Debug\link.18444-cvtres.write.1.tlog
C:\Users\Conor\documents\visual studio 2012\Projects\Approach_Two\Approach_Two\Debug\link.18444-rc.read.1.tlog
C:\Users\Conor\documents\visual studio 2012\Projects\Approach_Two\Approach_Two\Debug\link.18444-rc.write.1.tlog
C:\Users\Conor\documents\visual studio 2012\Projects\Approach_Two\Approach_Two\Debug\link.18444.read.1.tlog
C:\Users\Conor\documents\visual studio 2012\Projects\Approach_Two\Approach_Two\Debug\link.18444.write.1.tlog
C:\Users\Conor\documents\visual studio 2012\Projects\Approach_Two\Approach_Two\Debug\link.27604-cvtres.read.1.tlog
C:\Users\Conor\documents\visual studio 2012\Projects\Approach_Two\Approach_Two\Debug\link.27604-cvtres.write.1.tlog
C:\Users\Conor\documents\visual studio 2012\Projects\Approach_Two\Approach_Two\Debug\link.27604-rc.read.1.tlog
C:\Users\Conor\documents\visual studio 2012\Projects\Approach_Two\Approach_Two\Debug\link.27604-rc.write.1.tlog
C:\Users\Conor\documents\visual studio 2012\Projects\Approach_Two\Approach_Two\Debug\link.27604.read.1.tlog
C:\Users\Conor\documents\visual studio 2012\Projects\Approach_Two\Approach_Two\Debug\link.27604.write.1.tlog
C:\Users\Conor\documents\visual studio 2012\Projects\Approach_Two\Approach_Two\Debug\link.3140-cvtres.read.1.tlog
C:\Users\Conor\documents\visual studio 2012\Projects\Approach_Two\Approach_Two\Debug\link.3140-cvtres.write.1.tlog
C:\Users\Conor\documents\visual studio 2012\Projects\Approach_Two\Approach_Two\Debug\link.3140-rc.read.1.tlog
C:\Users\Conor\documents\visual studio 2012\Projects\Approach_Two\Approach_Two\Debug\link.3140-rc.write.1.tlog
C:\Users\Conor\documents\visual studio 2012\Projects\Approach_Two\Approach_Two\Debug\link.3140.read.1.tlog
C:\Users\Conor\documents\visual studio 2012\Projects\Approach_Two\Approach_Two\Debug\link.3140.write.1.tlog
C:\Users\Conor\documents\visual studio 2012\Projects\Approach_Two\Approach_Two\Debug\link.33640-cvtres.read.1.tlog
C:\Users\Conor\documents\visual studio 2012\Projects\Approach_Two\Approach_Two\Debug\link.33640-cvtres.write.1.tlog
C:\Users\Conor\documents\visual studio 2012\Projects\Approach_Two\Approach_Two\Debug\link.33640-rc.read.1.tlog
C:\Users\Conor\documents\visual studio 2012\Projects\Approach_Two\Approach_Two\Debug\link.33640-rc.write.1.tlog
C:\Users\Conor\documents\visual studio 2012\Projects\Approach_Two\Approach_Two\Debug\link.33640.read.1.tlog
C:\Users\Conor\documents\visual studio 2012\Projects\Approach_Two\Approach_Two\Debug\link.33640.write.1.tlog
C:\Users\Conor\documents\visual studio 2012\Projects\Approach_Two\Approach_Two\Debug\link.3584-cvtres.read.1.tlog
C:\Users\Conor\documents\visual studio 2012\Projects\Approach_Two\Approach_Two\Debug\link.3584-cvtres.write.1.tlog
C:\Users\Conor\documents\visual studio 2012\Projects\Approach_Two\Approach_Two\Debug\link.3584-rc.read.1.tlog
C:\Users\Conor\documents\visual studio 2012\Projects\Approach_Two\Approach_Two\Debug\link.3584-rc.write.1.tlog
C:\Users\Conor\documents\visual studio 2012\Projects\Approach_Two\Approach_Two\Debug\link.3584.read.1.tlog
C:\Users\Conor\documents\visual studio 2012\Projects\Approach_Two\Approach_Two\Debug\link.3584.write.1.tlog
C:\Users\Conor\documents\visual studio 2012\Projects\Approach_Two\Approach_Two\Debug\link.3672-cvtres.read.1.tlog
C:\Users\Conor\documents\visual studio 2012\Projects\Approach_Two\Approach_Two\Debug\link.3672-cvtres.write.1.tlog
C:\Users\Conor\documents\visual studio 2012\Projects\Approach_Two\Approach_Two\Debug\link.3672-rc.read.1.tlog
C:\Users\Conor\documents\visual studio 2012\Projects\Approach_Two\Approach_Two\Debug\link.3672-rc.write.1.tlog
C:\Users\Conor\documents\visual studio 2012\Projects\Approach_Two\Approach_Two\Debug\link.3672.read.1.tlog
C:\Users\Conor\documents\visual studio 2012\Projects\Approach_Two\Approach_Two\Debug\link.3672.write.1.tlog
C:\Users\Conor\documents\visual studio 2012\Projects\Approach_Two\Approach_Two\Debug\link.4120-cvtres.read.1.tlog
C:\Users\Conor\documents\visual studio 2012\Projects\Approach_Two\Approach_Two\Debug\link.4120-cvtres.write.1.tlog
C:\Users\Conor\documents\visual studio 2012\Projects\Approach_Two\Approach_Two\Debug\link.4120-rc.read.1.tlog
C:\Users\Conor\documents\visual studio 2012\Projects\Approach_Two\Approach_Two\Debug\link.4120-rc.write.1.tlog
C:\Users\Conor\documents\visual studio 2012\Projects\Approach_Two\Approach_Two\Debug\link.4120.read.1.tlog
C:\Users\Conor\documents\visual studio 2012\Projects\Approach_Two\Approach_Two\Debug\link.4120.write.1.tlog
C:\Users\Conor\documents\visual studio 2012\Projects\Approach_Two\Approach_Two\Debug\link.4272-cvtres.read.1.tlog
C:\Users\Conor\documents\visual studio 2012\Projects\Approach_Two\Approach_Two\Debug\link.4272-cvtres.write.1.tlog
C:\Users\Conor\documents\visual studio 2012\Projects\Approach_Two\Approach_Two\Debug\link.4272-rc.read.1.tlog
C:\Users\Conor\documents\visual studio 2012\Projects\Approach_Two\Approach_Two\Debug\link.4272-rc.write.1.tlog
C:\Users\Conor\documents\visual studio 2012\Projects\Approach_Two\Approach_Two\Debug\link.4272.read.1.tlog
C:\Users\Conor\documents\visual studio 2012\Projects\Approach_Two\Approach_Two\Debug\link.4272.write.1.tlog
C:\Users\Conor\documents\visual studio 2012\Projects\Approach_Two\Approach_Two\Debug\link.4552-cvtres.read.1.tlog
C:\Users\Conor\documents\visual studio 2012\Projects\Approach_Two\Approach_Two\Debug\link.4552-cvtres.write.1.tlog
C:\Users\Conor\documents\visual studio 2012\Projects\Approach_Two\Approach_Two\Debug\link.4552-rc.read.1.tlog
C:\Users\Conor\documents\visual studio 2012\Projects\Approach_Two\Approach_Two\Debug\link.4552-rc.write.1.tlog
C:\Users\Conor\documents\visual studio 2012\Projects\Approach_Two\Approach_Two\Debug\link.4552.read.1.tlog
C:\Users\Conor\documents\visual studio 2012\Projects\Approach_Two\Approach_Two\Debug\link.4552.write.1.tlog
C:\Users\Conor\documents\visual studio 2012\Projects\Approach_Two\Approach_Two\Debug\link.45792-cvtres.read.1.tlog
C:\Users\Conor\documents\visual studio 2012\Projects\Approach_Two\Approach_Two\Debug\link.45792-cvtres.write.1.tlog
C:\Users\Conor\documents\visual studio 2012\Projects\Approach_Two\Approach_Two\Debug\link.45792-rc.read.1.tlog
C:\Users\Conor\documents\visual studio 2012\Projects\Approach_Two\Approach_Two\Debug\link.45792-rc.write.1.tlog
C:\Users\Conor\documents\visual studio 2012\Projects\Approach_Two\Approach_Two\Debug\link.45792.read.1.tlog
C:\Users\Conor\documents\visual studio 2012\Projects\Approach_Two\Approach_Two\Debug\link.45792.write.1.tlog
C:\Users\Conor\documents\visual studio 2012\Projects\Approach_Two\Approach_Two\Debug\link.4792-cvtres.read.1.tlog
C:\Users\Conor\documents\visual studio 2012\Projects\Approach_Two\Approach_Two\Debug\link.4792-cvtres.write.1.tlog
C:\Users\Conor\documents\visual studio 2012\Projects\Approach_Two\Approach_Two\Debug\link.4792-rc.read.1.tlog
C:\Users\Conor\documents\visual studio 2012\Projects\Approach_Two\Approach_Two\Debug\link.4792-rc.write.1.tlog
C:\Users\Conor\documents\visual studio 2012\Projects\Approach_Two\Approach_Two\Debug\link.4792.read.1.tlog
C:\Users\Conor\documents\visual studio 2012\Projects\Approach_Two\Approach_Two\Debug\link.4792.write.1.tlog
C:\Users\Conor\documents\visual studio 2012\Projects\Approach_Two\Approach_Two\Debug\link.4820-cvtres.read.1.tlog
C:\Users\Conor\documents\visual studio 2012\Projects\Approach_Two\Approach_Two\Debug\link.4820-cvtres.write.1.tlog
C:\Users\Conor\documents\visual studio 2012\Projects\Approach_Two\Approach_Two\Debug\link.4820-rc.read.1.tlog
C:\Users\Conor\documents\visual studio 2012\Projects\Approach_Two\Approach_Two\Debug\link.4820-rc.write.1.tlog
C:\Users\Conor\documents\visual studio 2012\Projects\Approach_Two\Approach_Two\Debug\link.4820.read.1.tlog
C:\Users\Conor\documents\visual studio 2012\Projects\Approach_Two\Approach_Two\Debug\link.4820.write.1.tlog
C:\Users\Conor\documents\visual studio 2012\Projects\Approach_Two\Approach_Two\Debug\link.48796-cvtres.read.1.tlog
C:\Users\Conor\documents\visual studio 2012\Projects\Approach_Two\Approach_Two\Debug\link.48796-cvtres.write.1.tlog
C:\Users\Conor\documents\visual studio 2012\Projects\Approach_Two\Approach_Two\Debug\link.48796-rc.read.1.tlog
C:\Users\Conor\documents\visual studio 2012\Projects\Approach_Two\Approach_Two\Debug\link.48796-rc.write.1.tlog
C:\Users\Conor\documents\visual studio 2012\Projects\Approach_Two\Approach_Two\Debug\link.48796.read.1.tlog
C:\Users\Conor\documents\visual studio 2012\Projects\Approach_Two\Approach_Two\Debug\link.48796.write.1.tlog
C:\Users\Conor\documents\visual studio 2012\Projects\Approach_Two\Approach_Two\Debug\link.5056-cvtres.read.1.tlog
C:\Users\Conor\documents\visual studio 2012\Projects\Approach_Two\Approach_Two\Debug\link.5056-cvtres.write.1.tlog
C:\Users\Conor\documents\visual studio 2012\Projects\Approach_Two\Approach_Two\Debug\link.5056-rc.read.1.tlog
C:\Users\Conor\documents\visual studio 2012\Projects\Approach_Two\Approach_Two\Debug\link.5056-rc.write.1.tlog
C:\Users\Conor\documents\visual studio 2012\Projects\Approach_Two\Approach_Two\Debug\link.5056.read.1.tlog
C:\Users\Conor\documents\visual studio 2012\Projects\Approach_Two\Approach_Two\Debug\link.5056.write.1.tlog
C:\Users\Conor\documents\visual studio 2012\Projects\Approach_Two\Approach_Two\Debug\link.5424-cvtres.read.1.tlog
C:\Users\Conor\documents\visual studio 2012\Projects\Approach_Two\Approach_Two\Debug\link.5424-cvtres.write.1.tlog
C:\Users\Conor\documents\visual studio 2012\Projects\Approach_Two\Approach_Two\Debug\link.5424-rc.read.1.tlog
C:\Users\Conor\documents\visual studio 2012\Projects\Approach_Two\Approach_Two\Debug\link.5424-rc.write.1.tlog
C:\Users\Conor\documents\visual studio 2012\Projects\Approach_Two\Approach_Two\Debug\link.5424.read.1.tlog
C:\Users\Conor\documents\visual studio 2012\Projects\Approach_Two\Approach_Two\Debug\link.5424.write.1.tlog
C:\Users\Conor\documents\visual studio 2012\Projects\Approach_Two\Approach_Two\Debug\link.54340-cvtres.read.1.tlog
C:\Users\Conor\documents\visual studio 2012\Projects\Approach_Two\Approach_Two\Debug\link.54340-cvtres.write.1.tlog
C:\Users\Conor\documents\visual studio 2012\Projects\Approach_Two\Approach_Two\Debug\link.54340-rc.read.1.tlog
C:\Users\Conor\documents\visual studio 2012\Projects\Approach_Two\Approach_Two\Debug\link.54340-rc.write.1.tlog
C:\Users\Conor\documents\visual studio 2012\Projects\Approach_Two\Approach_Two\Debug\link.54340.read.1.tlog
C:\Users\Conor\documents\visual studio 2012\Projects\Approach_Two\Approach_Two\Debug\link.54340.write.1.tlog
C:\Users\Conor\documents\visual studio 2012\Projects\Approach_Two\Approach_Two\Debug\link.54408-cvtres.read.1.tlog
C:\Users\Conor\documents\visual studio 2012\Projects\Approach_Two\Approach_Two\Debug\link.54408-cvtres.write.1.tlog
C:\Users\Conor\documents\visual studio 2012\Projects\Approach_Two\Approach_Two\Debug\link.54408-rc.read.1.tlog
C:\Users\Conor\documents\visual studio 2012\Projects\Approach_Two\Approach_Two\Debug\link.54408-rc.write.1.tlog
C:\Users\Conor\documents\visual studio 2012\Projects\Approach_Two\Approach_Two\Debug\link.54408.read.1.tlog
C:\Users\Conor\documents\visual studio 2012\Projects\Approach_Two\Approach_Two\Debug\link.54408.write.1.tlog
C:\Users\Conor\documents\visual studio 2012\Projects\Approach_Two\Approach_Two\Debug\link.54988-cvtres.read.1.tlog
C:\Users\Conor\documents\visual studio 2012\Projects\Approach_Two\Approach_Two\Debug\link.54988-cvtres.write.1.tlog
C:\Users\Conor\documents\visual studio 2012\Projects\Approach_Two\Approach_Two\Debug\link.54988-rc.read.1.tlog
C:\Users\Conor\documents\visual studio 2012\Projects\Approach_Two\Approach_Two\Debug\link.54988-rc.write.1.tlog
C:\Users\Conor\documents\visual studio 2012\Projects\Approach_Two\Approach_Two\Debug\link.54988.read.1.tlog
C:\Users\Conor\documents\visual studio 2012\Projects\Approach_Two\Approach_Two\Debug\link.54988.write.1.tlog
C:\Users\Conor\documents\visual studio 2012\Projects\Approach_Two\Approach_Two\Debug\link.58380-cvtres.read.1.tlog
C:\Users\Conor\documents\visual studio 2012\Projects\Approach_Two\Approach_Two\Debug\link.58380-cvtres.write.1.tlog
C:\Users\Conor\documents\visual studio 2012\Projects\Approach_Two\Approach_Two\Debug\link.58380-rc.read.1.tlog
C:\Users\Conor\documents\visual studio 2012\Projects\Approach_Two\Approach_Two\Debug\link.58380-rc.write.1.tlog
C:\Users\Conor\documents\visual studio 2012\Projects\Approach_Two\Approach_Two\Debug\link.58380.read.1.tlog
C:\Users\Conor\documents\visual studio 2012\Projects\Approach_Two\Approach_Two\Debug\link.58380.write.1.tlog
C:\Users\Conor\documents\visual studio 2012\Projects\Approach_Two\Approach_Two\Debug\link.59936-cvtres.read.1.tlog
C:\Users\Conor\documents\visual studio 2012\Projects\Approach_Two\Approach_Two\Debug\link.59936-cvtres.write.1.tlog
C:\Users\Conor\documents\visual studio 2012\Projects\Approach_Two\Approach_Two\Debug\link.59936-rc.read.1.tlog
C:\Users\Conor\documents\visual studio 2012\Projects\Approach_Two\Approach_Two\Debug\link.59936-rc.write.1.tlog
C:\Users\Conor\documents\visual studio 2012\Projects\Approach_Two\Approach_Two\Debug\link.59936.read.1.tlog
C:\Users\Conor\documents\visual studio 2012\Projects\Approach_Two\Approach_Two\Debug\link.59936.write.1.tlog
C:\Users\Conor\documents\visual studio 2012\Projects\Approach_Two\Approach_Two\Debug\link.59940-cvtres.read.1.tlog
C:\Users\Conor\documents\visual studio 2012\Projects\Approach_Two\Approach_Two\Debug\link.59940-cvtres.write.1.tlog
C:\Users\Conor\documents\visual studio 2012\Projects\Approach_Two\Approach_Two\Debug\link.59940-rc.read.1.tlog
C:\Users\Conor\documents\visual studio 2012\Projects\Approach_Two\Approach_Two\Debug\link.59940-rc.write.1.tlog
C:\Users\Conor\documents\visual studio 2012\Projects\Approach_Two\Approach_Two\Debug\link.59940.read.1.tlog
C:\Users\Conor\documents\visual studio 2012\Projects\Approach_Two\Approach_Two\Debug\link.59940.write.1.tlog
C:\Users\Conor\documents\visual studio 2012\Projects\Approach_Two\Approach_Two\Debug\link.60104-cvtres.read.1.tlog
C:\Users\Conor\documents\visual studio 2012\Projects\Approach_Two\Approach_Two\Debug\link.60104-cvtres.write.1.tlog
C:\Users\Conor\documents\visual studio 2012\Projects\Approach_Two\Approach_Two\Debug\link.60104-rc.read.1.tlog
C:\Users\Conor\documents\visual studio 2012\Projects\Approach_Two\Approach_Two\Debug\link.60104-rc.write.1.tlog
C:\Users\Conor\documents\visual studio 2012\Projects\Approach_Two\Approach_Two\Debug\link.60104.read.1.tlog
C:\Users\Conor\documents\visual studio 2012\Projects\Approach_Two\Approach_Two\Debug\link.60104.write.1.tlog
C:\Users\Conor\documents\visual studio 2012\Projects\Approach_Two\Approach_Two\Debug\link.60400-cvtres.read.1.tlog
C:\Users\Conor\documents\visual studio 2012\Projects\Approach_Two\Approach_Two\Debug\link.60400-cvtres.write.1.tlog
C:\Users\Conor\documents\visual studio 2012\Projects\Approach_Two\Approach_Two\Debug\link.60400-rc.read.1.tlog
C:\Users\Conor\documents\visual studio 2012\Projects\Approach_Two\Approach_Two\Debug\link.60400-rc.write.1.tlog
C:\Users\Conor\documents\visual studio 2012\Projects\Approach_Two\Approach_Two\Debug\link.60400.read.1.tlog
C:\Users\Conor\documents\visual studio 2012\Projects\Approach_Two\Approach_Two\Debug\link.60400.write.1.tlog
C:\Users\Conor\documents\visual studio 2012\Projects\Approach_Two\Approach_Two\Debug\link.60604-cvtres.read.1.tlog
C:\Users\Conor\documents\visual studio 2012\Projects\Approach_Two\Approach_Two\Debug\link.60604-cvtres.write.1.tlog
C:\Users\Conor\documents\visual studio 2012\Projects\Approach_Two\Approach_Two\Debug\link.60604-rc.read.1.tlog
C:\Users\Conor\documents\visual studio 2012\Projects\Approach_Two\Approach_Two\Debug\link.60604-rc.write.1.tlog
C:\Users\Conor\documents\visual studio 2012\Projects\Approach_Two\Approach_Two\Debug\link.60604.read.1.tlog
C:\Users\Conor\documents\visual studio 2012\Projects\Approach_Two\Approach_Two\Debug\link.60604.write.1.tlog
C:\Users\Conor\documents\visual studio 2012\Projects\Approach_Two\Approach_Two\Debug\link.60692-cvtres.read.1.tlog
C:\Users\Conor\documents\visual studio 2012\Projects\Approach_Two\Approach_Two\Debug\link.60692-cvtres.write.1.tlog
C:\Users\Conor\documents\visual studio 2012\Projects\Approach_Two\Approach_Two\Debug\link.60692-rc.read.1.tlog
C:\Users\Conor\documents\visual studio 2012\Projects\Approach_Two\Approach_Two\Debug\link.60692-rc.write.1.tlog
C:\Users\Conor\documents\visual studio 2012\Projects\Approach_Two\Approach_Two\Debug\link.60692.read.1.tlog
C:\Users\Conor\documents\visual studio 2012\Projects\Approach_Two\Approach_Two\Debug\link.60692.write.1.tlog
C:\Users\Conor\documents\visual studio 2012\Projects\Approach_Two\Approach_Two\Debug\link.60756-cvtres.read.1.tlog
C:\Users\Conor\documents\visual studio 2012\Projects\Approach_Two\Approach_Two\Debug\link.60756-cvtres.write.1.tlog
C:\Users\Conor\documents\visual studio 2012\Projects\Approach_Two\Approach_Two\Debug\link.60756-rc.read.1.tlog
C:\Users\Conor\documents\visual studio 2012\Projects\Approach_Two\Approach_Two\Debug\link.60756-rc.write.1.tlog
C:\Users\Conor\documents\visual studio 2012\Projects\Approach_Two\Approach_Two\Debug\link.60756.read.1.tlog
C:\Users\Conor\documents\visual studio 2012\Projects\Approach_Two\Approach_Two\Debug\link.60756.write.1.tlog
C:\Users\Conor\documents\visual studio 2012\Projects\Approach_Two\Approach_Two\Debug\link.60976-cvtres.read.1.tlog
C:\Users\Conor\documents\visual studio 2012\Projects\Approach_Two\Approach_Two\Debug\link.60976-cvtres.write.1.tlog
C:\Users\Conor\documents\visual studio 2012\Projects\Approach_Two\Approach_Two\Debug\link.60976-rc.read.1.tlog
C:\Users\Conor\documents\visual studio 2012\Projects\Approach_Two\Approach_Two\Debug\link.60976-rc.write.1.tlog
C:\Users\Conor\documents\visual studio 2012\Projects\Approach_Two\Approach_Two\Debug\link.60976.read.1.tlog
C:\Users\Conor\documents\visual studio 2012\Projects\Approach_Two\Approach_Two\Debug\link.60976.write.1.tlog
C:\Users\Conor\documents\visual studio 2012\Projects\Approach_Two\Approach_Two\Debug\link.61316-cvtres.read.1.tlog
C:\Users\Conor\documents\visual studio 2012\Projects\Approach_Two\Approach_Two\Debug\link.61316-cvtres.write.1.tlog
C:\Users\Conor\documents\visual studio 2012\Projects\Approach_Two\Approach_Two\Debug\link.61316-rc.read.1.tlog
C:\Users\Conor\documents\visual studio 2012\Projects\Approach_Two\Approach_Two\Debug\link.61316-rc.write.1.tlog
C:\Users\Conor\documents\visual studio 2012\Projects\Approach_Two\Approach_Two\Debug\link.61316.read.1.tlog
C:\Users\Conor\documents\visual studio 2012\Projects\Approach_Two\Approach_Two\Debug\link.61316.write.1.tlog
C:\Users\Conor\documents\visual studio 2012\Projects\Approach_Two\Approach_Two\Debug\link.61560-cvtres.read.1.tlog
C:\Users\Conor\documents\visual studio 2012\Projects\Approach_Two\Approach_Two\Debug\link.61560-cvtres.write.1.tlog
C:\Users\Conor\documents\visual studio 2012\Projects\Approach_Two\Approach_Two\Debug\link.61560-rc.read.1.tlog
C:\Users\Conor\documents\visual studio 2012\Projects\Approach_Two\Approach_Two\Debug\link.61560-rc.write.1.tlog
C:\Users\Conor\documents\visual studio 2012\Projects\Approach_Two\Approach_Two\Debug\link.61560.read.1.tlog
C:\Users\Conor\documents\visual studio 2012\Projects\Approach_Two\Approach_Two\Debug\link.61560.write.1.tlog
C:\Users\Conor\documents\visual studio 2012\Projects\Approach_Two\Approach_Two\Debug\link.62272-cvtres.read.1.tlog
C:\Users\Conor\documents\visual studio 2012\Projects\Approach_Two\Approach_Two\Debug\link.62272-cvtres.write.1.tlog
C:\Users\Conor\documents\visual studio 2012\Projects\Approach_Two\Approach_Two\Debug\link.62272-rc.read.1.tlog
C:\Users\Conor\documents\visual studio 2012\Projects\Approach_Two\Approach_Two\Debug\link.62272-rc.write.1.tlog
C:\Users\Conor\documents\visual studio 2012\Projects\Approach_Two\Approach_Two\Debug\link.62272.read.1.tlog
C:\Users\Conor\documents\visual studio 2012\Projects\Approach_Two\Approach_Two\Debug\link.62272.write.1.tlog
C:\Users\Conor\documents\visual studio 2012\Projects\Approach_Two\Approach_Two\Debug\link.62404-cvtres.read.1.tlog
C:\Users\Conor\documents\visual studio 2012\Projects\Approach_Two\Approach_Two\Debug\link.62404-cvtres.write.1.tlog
C:\Users\Conor\documents\visual studio 2012\Projects\Approach_Two\Approach_Two\Debug\link.62404-rc.read.1.tlog
C:\Users\Conor\documents\visual studio 2012\Projects\Approach_Two\Approach_Two\Debug\link.62404-rc.write.1.tlog
C:\Users\Conor\documents\visual studio 2012\Projects\Approach_Two\Approach_Two\Debug\link.62404.read.1.tlog
C:\Users\Conor\documents\visual studio 2012\Projects\Approach_Two\Approach_Two\Debug\link.62404.write.1.tlog
C:\Users\Conor\documents\visual studio 2012\Projects\Approach_Two\Approach_Two\Debug\link.62488-cvtres.read.1.tlog
C:\Users\Conor\documents\visual studio 2012\Projects\Approach_Two\Approach_Two\Debug\link.62488-cvtres.write.1.tlog
C:\Users\Conor\documents\visual studio 2012\Projects\Approach_Two\Approach_Two\Debug\link.62488-rc.read.1.tlog
C:\Users\Conor\documents\visual studio 2012\Projects\Approach_Two\Approach_Two\Debug\link.62488-rc.write.1.tlog
C:\Users\Conor\documents\visual studio 2012\Projects\Approach_Two\Approach_Two\Debug\link.62488.read.1.tlog
C:\Users\Conor\documents\visual studio 2012\Projects\Approach_Two\Approach_Two\Debug\link.62488.write.1.tlog
C:\Users\Conor\documents\visual studio 2012\Projects\Approach_Two\Approach_Two\Debug\link.62580-cvtres.read.1.tlog
C:\Users\Conor\documents\visual studio 2012\Projects\Approach_Two\Approach_Two\Debug\link.62580-cvtres.write.1.tlog
C:\Users\Conor\documents\visual studio 2012\Projects\Approach_Two\Approach_Two\Debug\link.62580-rc.read.1.tlog
C:\Users\Conor\documents\visual studio 2012\Projects\Approach_Two\Approach_Two\Debug\link.62580-rc.write.1.tlog
C:\Users\Conor\documents\visual studio 2012\Projects\Approach_Two\Approach_Two\Debug\link.62580.read.1.tlog
C:\Users\Conor\documents\visual studio 2012\Projects\Approach_Two\Approach_Two\Debug\link.62580.write.1.tlog
C:\Users\Conor\documents\visual studio 2012\Projects\Approach_Two\Approach_Two\Debug\link.62744-cvtres.read.1.tlog
C:\Users\Conor\documents\visual studio 2012\Projects\Approach_Two\Approach_Two\Debug\link.62744-cvtres.write.1.tlog
C:\Users\Conor\documents\visual studio 2012\Projects\Approach_Two\Approach_Two\Debug\link.62744-rc.read.1.tlog
C:\Users\Conor\documents\visual studio 2012\Projects\Approach_Two\Approach_Two\Debug\link.62744-rc.write.1.tlog
C:\Users\Conor\documents\visual studio 2012\Projects\Approach_Two\Approach_Two\Debug\link.62744.read.1.tlog
C:\Users\Conor\documents\visual studio 2012\Projects\Approach_Two\Approach_Two\Debug\link.62744.write.1.tlog
C:\Users\Conor\documents\visual studio 2012\Projects\Approach_Two\Approach_Two\Debug\link.62868-cvtres.read.1.tlog
C:\Users\Conor\documents\visual studio 2012\Projects\Approach_Two\Approach_Two\Debug\link.62868-cvtres.write.1.tlog
C:\Users\Conor\documents\visual studio 2012\Projects\Approach_Two\Approach_Two\Debug\link.62868-rc.read.1.tlog
C:\Users\Conor\documents\visual studio 2012\Projects\Approach_Two\Approach_Two\Debug\link.62868-rc.write.1.tlog
C:\Users\Conor\documents\visual studio 2012\Projects\Approach_Two\Approach_Two\Debug\link.62868.read.1.tlog
C:\Users\Conor\documents\visual studio 2012\Projects\Approach_Two\Approach_Two\Debug\link.62868.write.1.tlog
C:\Users\Conor\documents\visual studio 2012\Projects\Approach_Two\Approach_Two\Debug\link.63120-cvtres.read.1.tlog
C:\Users\Conor\documents\visual studio 2012\Projects\Approach_Two\Approach_Two\Debug\link.63120-cvtres.write.1.tlog
C:\Users\Conor\documents\visual studio 2012\Projects\Approach_Two\Approach_Two\Debug\link.63120-rc.read.1.tlog
C:\Users\Conor\documents\visual studio 2012\Projects\Approach_Two\Approach_Two\Debug\link.63120-rc.write.1.tlog
C:\Users\Conor\documents\visual studio 2012\Projects\Approach_Two\Approach_Two\Debug\link.63120.read.1.tlog
C:\Users\Conor\documents\visual studio 2012\Projects\Approach_Two\Approach_Two\Debug\link.63120.write.1.tlog
C:\Users\Conor\documents\visual studio 2012\Projects\Approach_Two\Approach_Two\Debug\link.63140-cvtres.read.1.tlog
C:\Users\Conor\documents\visual studio 2012\Projects\Approach_Two\Approach_Two\Debug\link.63140-cvtres.write.1.tlog
C:\Users\Conor\documents\visual studio 2012\Projects\Approach_Two\Approach_Two\Debug\link.63140-rc.read.1.tlog
C:\Users\Conor\documents\visual studio 2012\Projects\Approach_Two\Approach_Two\Debug\link.63140-rc.write.1.tlog
C:\Users\Conor\documents\visual studio 2012\Projects\Approach_Two\Approach_Two\Debug\link.63140.read.1.tlog
C:\Users\Conor\documents\visual studio 2012\Projects\Approach_Two\Approach_Two\Debug\link.63140.write.1.tlog
C:\Users\Conor\documents\visual studio 2012\Projects\Approach_Two\Approach_Two\Debug\link.63324-cvtres.read.1.tlog
C:\Users\Conor\documents\visual studio 2012\Projects\Approach_Two\Approach_Two\Debug\link.63324-cvtres.write.1.tlog
C:\Users\Conor\documents\visual studio 2012\Projects\Approach_Two\Approach_Two\Debug\link.63324-rc.read.1.tlog
C:\Users\Conor\documents\visual studio 2012\Projects\Approach_Two\Approach_Two\Debug\link.63324-rc.write.1.tlog
C:\Users\Conor\documents\visual studio 2012\Projects\Approach_Two\Approach_Two\Debug\link.63324.read.1.tlog
C:\Users\Conor\documents\visual studio 2012\Projects\Approach_Two\Approach_Two\Debug\link.63324.write.1.tlog
C:\Users\Conor\documents\visual studio 2012\Projects\Approach_Two\Approach_Two\Debug\link.64524-cvtres.read.1.tlog
C:\Users\Conor\documents\visual studio 2012\Projects\Approach_Two\Approach_Two\Debug\link.64524-cvtres.write.1.tlog
C:\Users\Conor\documents\visual studio 2012\Projects\Approach_Two\Approach_Two\Debug\link.64524-rc.read.1.tlog
C:\Users\Conor\documents\visual studio 2012\Projects\Approach_Two\Approach_Two\Debug\link.64524-rc.write.1.tlog
C:\Users\Conor\documents\visual studio 2012\Projects\Approach_Two\Approach_Two\Debug\link.64524.read.1.tlog
C:\Users\Conor\documents\visual studio 2012\Projects\Approach_Two\Approach_Two\Debug\link.64524.write.1.tlog
C:\Users\Conor\documents\visual studio 2012\Projects\Approach_Two\Approach_Two\Debug\link.65116-cvtres.read.1.tlog
C:\Users\Conor\documents\visual studio 2012\Projects\Approach_Two\Approach_Two\Debug\link.65116-cvtres.write.1.tlog
C:\Users\Conor\documents\visual studio 2012\Projects\Approach_Two\Approach_Two\Debug\link.65116-rc.read.1.tlog
C:\Users\Conor\documents\visual studio 2012\Projects\Approach_Two\Approach_Two\Debug\link.65116-rc.write.1.tlog
C:\Users\Conor\documents\visual studio 2012\Projects\Approach_Two\Approach_Two\Debug\link.65116.read.1.tlog
C:\Users\Conor\documents\visual studio 2012\Projects\Approach_Two\Approach_Two\Debug\link.65116.write.1.tlog
C:\Users\Conor\documents\visual studio 2012\Projects\Approach_Two\Approach_Two\Debug\link.65124-cvtres.read.1.tlog
C:\Users\Conor\documents\visual studio 2012\Projects\Approach_Two\Approach_Two\Debug\link.65124-cvtres.write.1.tlog
C:\Users\Conor\documents\visual studio 2012\Projects\Approach_Two\Approach_Two\Debug\link.65124-rc.read.1.tlog
C:\Users\Conor\documents\visual studio 2012\Projects\Approach_Two\Approach_Two\Debug\link.65124-rc.write.1.tlog
C:\Users\Conor\documents\visual studio 2012\Projects\Approach_Two\Approach_Two\Debug\link.65124.read.1.tlog
C:\Users\Conor\documents\visual studio 2012\Projects\Approach_Two\Approach_Two\Debug\link.65124.write.1.tlog
C:\Users\Conor\documents\visual studio 2012\Projects\Approach_Two\Approach_Two\Debug\link.65244-cvtres.read.1.tlog
C:\Users\Conor\documents\visual studio 2012\Projects\Approach_Two\Approach_Two\Debug\link.65244-cvtres.write.1.tlog
C:\Users\Conor\documents\visual studio 2012\Projects\Approach_Two\Approach_Two\Debug\link.65244-rc.read.1.tlog
C:\Users\Conor\documents\visual studio 2012\Projects\Approach_Two\Approach_Two\Debug\link.65244-rc.write.1.tlog
C:\Users\Conor\documents\visual studio 2012\Projects\Approach_Two\Approach_Two\Debug\link.65244.read.1.tlog
C:\Users\Conor\documents\visual studio 2012\Projects\Approach_Two\Approach_Two\Debug\link.65244.write.1.tlog
C:\Users\Conor\documents\visual studio 2012\Projects\Approach_Two\Approach_Two\Debug\link.65344-cvtres.read.1.tlog
C:\Users\Conor\documents\visual studio 2012\Projects\Approach_Two\Approach_Two\Debug\link.65344-cvtres.write.1.tlog
C:\Users\Conor\documents\visual studio 2012\Projects\Approach_Two\Approach_Two\Debug\link.65344-rc.read.1.tlog
C:\Users\Conor\documents\visual studio 2012\Projects\Approach_Two\Approach_Two\Debug\link.65344-rc.write.1.tlog
C:\Users\Conor\documents\visual studio 2012\Projects\Approach_Two\Approach_Two\Debug\link.65344.read.1.tlog
C:\Users\Conor\documents\visual studio 2012\Projects\Approach_Two\Approach_Two\Debug\link.65344.write.1.tlog
C:\Users\Conor\documents\visual studio 2012\Projects\Approach_Two\Approach_Two\Debug\link.65732-cvtres.read.1.tlog
C:\Users\Conor\documents\visual studio 2012\Projects\Approach_Two\Approach_Two\Debug\link.65732-cvtres.write.1.tlog
C:\Users\Conor\documents\visual studio 2012\Projects\Approach_Two\Approach_Two\Debug\link.65732-rc.read.1.tlog
C:\Users\Conor\documents\visual studio 2012\Projects\Approach_Two\Approach_Two\Debug\link.65732-rc.write.1.tlog
C:\Users\Conor\documents\visual studio 2012\Projects\Approach_Two\Approach_Two\Debug\link.65732.read.1.tlog
C:\Users\Conor\documents\visual studio 2012\Projects\Approach_Two\Approach_Two\Debug\link.65732.write.1.tlog
C:\Users\Conor\documents\visual studio 2012\Projects\Approach_Two\Approach_Two\Debug\link.65796-cvtres.read.1.tlog
C:\Users\Conor\documents\visual studio 2012\Projects\Approach_Two\Approach_Two\Debug\link.65796-cvtres.write.1.tlog
C:\Users\Conor\documents\visual studio 2012\Projects\Approach_Two\Approach_Two\Debug\link.65796-rc.read.1.tlog
C:\Users\Conor\documents\visual studio 2012\Projects\Approach_Two\Approach_Two\Debug\link.65796-rc.write.1.tlog
C:\Users\Conor\documents\visual studio 2012\Projects\Approach_Two\Approach_Two\Debug\link.65796.read.1.tlog
C:\Users\Conor\documents\visual studio 2012\Projects\Approach_Two\Approach_Two\Debug\link.65796.write.1.tlog
C:\Users\Conor\documents\visual studio 2012\Projects\Approach_Two\Approach_Two\Debug\link.65800-cvtres.read.1.tlog
C:\Users\Conor\documents\visual studio 2012\Projects\Approach_Two\Approach_Two\Debug\link.65800-cvtres.write.1.tlog
C:\Users\Conor\documents\visual studio 2012\Projects\Approach_Two\Approach_Two\Debug\link.65800-rc.read.1.tlog
C:\Users\Conor\documents\visual studio 2012\Projects\Approach_Two\Approach_Two\Debug\link.65800-rc.write.1.tlog
C:\Users\Conor\documents\visual studio 2012\Projects\Approach_Two\Approach_Two\Debug\link.65800.read.1.tlog
C:\Users\Conor\documents\visual studio 2012\Projects\Approach_Two\Approach_Two\Debug\link.65800.write.1.tlog
C:\Users\Conor\documents\visual studio 2012\Projects\Approach_Two\Approach_Two\Debug\link.66188-cvtres.read.1.tlog
C:\Users\Conor\documents\visual studio 2012\Projects\Approach_Two\Approach_Two\Debug\link.66188-cvtres.write.1.tlog
C:\Users\Conor\documents\visual studio 2012\Projects\Approach_Two\Approach_Two\Debug\link.66188-rc.read.1.tlog
C:\Users\Conor\documents\visual studio 2012\Projects\Approach_Two\Approach_Two\Debug\link.66188-rc.write.1.tlog
C:\Users\Conor\documents\visual studio 2012\Projects\Approach_Two\Approach_Two\Debug\link.66188.read.1.tlog
C:\Users\Conor\documents\visual studio 2012\Projects\Approach_Two\Approach_Two\Debug\link.66188.write.1.tlog
C:\Users\Conor\documents\visual studio 2012\Projects\Approach_Two\Approach_Two\Debug\link.66192-cvtres.read.1.tlog
C:\Users\Conor\documents\visual studio 2012\Projects\Approach_Two\Approach_Two\Debug\link.66192-cvtres.write.1.tlog
C:\Users\Conor\documents\visual studio 2012\Projects\Approach_Two\Approach_Two\Debug\link.66192-rc.read.1.tlog
C:\Users\Conor\documents\visual studio 2012\Projects\Approach_Two\Approach_Two\Debug\link.66192-rc.write.1.tlog
C:\Users\Conor\documents\visual studio 2012\Projects\Approach_Two\Approach_Two\Debug\link.66192.read.1.tlog
C:\Users\Conor\documents\visual studio 2012\Projects\Approach_Two\Approach_Two\Debug\link.66192.write.1.tlog
C:\Users\Conor\documents\visual studio 2012\Projects\Approach_Two\Approach_Two\Debug\link.66672-cvtres.read.1.tlog
C:\Users\Conor\documents\visual studio 2012\Projects\Approach_Two\Approach_Two\Debug\link.66672-cvtres.write.1.tlog
C:\Users\Conor\documents\visual studio 2012\Projects\Approach_Two\Approach_Two\Debug\link.66672-rc.read.1.tlog
C:\Users\Conor\documents\visual studio 2012\Projects\Approach_Two\Approach_Two\Debug\link.66672-rc.write.1.tlog
C:\Users\Conor\documents\visual studio 2012\Projects\Approach_Two\Approach_Two\Debug\link.66672.read.1.tlog
C:\Users\Conor\documents\visual studio 2012\Projects\Approach_Two\Approach_Two\Debug\link.66672.write.1.tlog
C:\Users\Conor\documents\visual studio 2012\Projects\Approach_Two\Approach_Two\Debug\link.66796-cvtres.read.1.tlog
C:\Users\Conor\documents\visual studio 2012\Projects\Approach_Two\Approach_Two\Debug\link.66796-cvtres.write.1.tlog
C:\Users\Conor\documents\visual studio 2012\Projects\Approach_Two\Approach_Two\Debug\link.66796-rc.read.1.tlog
C:\Users\Conor\documents\visual studio 2012\Projects\Approach_Two\Approach_Two\Debug\link.66796-rc.write.1.tlog
C:\Users\Conor\documents\visual studio 2012\Projects\Approach_Two\Approach_Two\Debug\link.66796.read.1.tlog
C:\Users\Conor\documents\visual studio 2012\Projects\Approach_Two\Approach_Two\Debug\link.66796.write.1.tlog
C:\Users\Conor\documents\visual studio 2012\Projects\Approach_Two\Approach_Two\Debug\link.67068-cvtres.read.1.tlog
C:\Users\Conor\documents\visual studio 2012\Projects\Approach_Two\Approach_Two\Debug\link.67068-cvtres.write.1.tlog
C:\Users\Conor\documents\visual studio 2012\Projects\Approach_Two\Approach_Two\Debug\link.67068-rc.read.1.tlog
C:\Users\Conor\documents\visual studio 2012\Projects\Approach_Two\Approach_Two\Debug\link.67068-rc.write.1.tlog
C:\Users\Conor\documents\visual studio 2012\Projects\Approach_Two\Approach_Two\Debug\link.67068.read.1.tlog
C:\Users\Conor\documents\visual studio 2012\Projects\Approach_Two\Approach_Two\Debug\link.67068.write.1.tlog
C:\Users\Conor\documents\visual studio 2012\Projects\Approach_Two\Approach_Two\Debug\link.67264-cvtres.read.1.tlog
C:\Users\Conor\documents\visual studio 2012\Projects\Approach_Two\Approach_Two\Debug\link.67264-cvtres.write.1.tlog
C:\Users\Conor\documents\visual studio 2012\Projects\Approach_Two\Approach_Two\Debug\link.67264-rc.read.1.tlog
C:\Users\Conor\documents\visual studio 2012\Projects\Approach_Two\Approach_Two\Debug\link.67264-rc.write.1.tlog
C:\Users\Conor\documents\visual studio 2012\Projects\Approach_Two\Approach_Two\Debug\link.67264.read.1.tlog
C:\Users\Conor\documents\visual studio 2012\Projects\Approach_Two\Approach_Two\Debug\link.67264.write.1.tlog
C:\Users\Conor\documents\visual studio 2012\Projects\Approach_Two\Approach_Two\Debug\link.67384-cvtres.read.1.tlog
C:\Users\Conor\documents\visual studio 2012\Projects\Approach_Two\Approach_Two\Debug\link.67384-cvtres.write.1.tlog
C:\Users\Conor\documents\visual studio 2012\Projects\Approach_Two\Approach_Two\Debug\link.67384-rc.read.1.tlog
C:\Users\Conor\documents\visual studio 2012\Projects\Approach_Two\Approach_Two\Debug\link.67384-rc.write.1.tlog
C:\Users\Conor\documents\visual studio 2012\Projects\Approach_Two\Approach_Two\Debug\link.67384.read.1.tlog
C:\Users\Conor\documents\visual studio 2012\Projects\Approach_Two\Approach_Two\Debug\link.67384.write.1.tlog
C:\Users\Conor\documents\visual studio 2012\Projects\Approach_Two\Approach_Two\Debug\link.67624-cvtres.read.1.tlog
C:\Users\Conor\documents\visual studio 2012\Projects\Approach_Two\Approach_Two\Debug\link.67624-cvtres.write.1.tlog
C:\Users\Conor\documents\visual studio 2012\Projects\Approach_Two\Approach_Two\Debug\link.67624-rc.read.1.tlog
C:\Users\Conor\documents\visual studio 2012\Projects\Approach_Two\Approach_Two\Debug\link.67624-rc.write.1.tlog
C:\Users\Conor\documents\visual studio 2012\Projects\Approach_Two\Approach_Two\Debug\link.67624.read.1.tlog
C:\Users\Conor\documents\visual studio 2012\Projects\Approach_Two\Approach_Two\Debug\link.67624.write.1.tlog
C:\Users\Conor\documents\visual studio 2012\Projects\Approach_Two\Approach_Two\Debug\link.67844-cvtres.read.1.tlog
C:\Users\Conor\documents\visual studio 2012\Projects\Approach_Two\Approach_Two\Debug\link.67844-cvtres.write.1.tlog
C:\Users\Conor\documents\visual studio 2012\Projects\Approach_Two\Approach_Two\Debug\link.67844-rc.read.1.tlog
C:\Users\Conor\documents\visual studio 2012\Projects\Approach_Two\Approach_Two\Debug\link.67844-rc.write.1.tlog
C:\Users\Conor\documents\visual studio 2012\Projects\Approach_Two\Approach_Two\Debug\link.67844.read.1.tlog
C:\Users\Conor\documents\visual studio 2012\Projects\Approach_Two\Approach_Two\Debug\link.67844.write.1.tlog
C:\Users\Conor\documents\visual studio 2012\Projects\Approach_Two\Approach_Two\Debug\link.67872-cvtres.read.1.tlog
C:\Users\Conor\documents\visual studio 2012\Projects\Approach_Two\Approach_Two\Debug\link.67872-cvtres.write.1.tlog
C:\Users\Conor\documents\visual studio 2012\Projects\Approach_Two\Approach_Two\Debug\link.67872-rc.read.1.tlog
C:\Users\Conor\documents\visual studio 2012\Projects\Approach_Two\Approach_Two\Debug\link.67872-rc.write.1.tlog
C:\Users\Conor\documents\visual studio 2012\Projects\Approach_Two\Approach_Two\Debug\link.67872.read.1.tlog
C:\Users\Conor\documents\visual studio 2012\Projects\Approach_Two\Approach_Two\Debug\link.67872.write.1.tlog
C:\Users\Conor\documents\visual studio 2012\Projects\Approach_Two\Approach_Two\Debug\link.67984-cvtres.read.1.tlog
C:\Users\Conor\documents\visual studio 2012\Projects\Approach_Two\Approach_Two\Debug\link.67984-cvtres.write.1.tlog
C:\Users\Conor\documents\visual studio 2012\Projects\Approach_Two\Approach_Two\Debug\link.67984-rc.read.1.tlog
C:\Users\Conor\documents\visual studio 2012\Projects\Approach_Two\Approach_Two\Debug\link.67984-rc.write.1.tlog
C:\Users\Conor\documents\visual studio 2012\Projects\Approach_Two\Approach_Two\Debug\link.67984.read.1.tlog
C:\Users\Conor\documents\visual studio 2012\Projects\Approach_Two\Approach_Two\Debug\link.67984.write.1.tlog
C:\Users\Conor\documents\visual studio 2012\Projects\Approach_Two\Approach_Two\Debug\link.68020-cvtres.read.1.tlog
C:\Users\Conor\documents\visual studio 2012\Projects\Approach_Two\Approach_Two\Debug\link.68020-cvtres.write.1.tlog
C:\Users\Conor\documents\visual studio 2012\Projects\Approach_Two\Approach_Two\Debug\link.68020-rc.read.1.tlog
C:\Users\Conor\documents\visual studio 2012\Projects\Approach_Two\Approach_Two\Debug\link.68020-rc.write.1.tlog
C:\Users\Conor\documents\visual studio 2012\Projects\Approach_Two\Approach_Two\Debug\link.68020.read.1.tlog
C:\Users\Conor\documents\visual studio 2012\Projects\Approach_Two\Approach_Two\Debug\link.68020.write.1.tlog
C:\Users\Conor\documents\visual studio 2012\Projects\Approach_Two\Approach_Two\Debug\link.6804-cvtres.read.1.tlog
C:\Users\Conor\documents\visual studio 2012\Projects\Approach_Two\Approach_Two\Debug\link.6804-cvtres.write.1.tlog
C:\Users\Conor\documents\visual studio 2012\Projects\Approach_Two\Approach_Two\Debug\link.6804-rc.read.1.tlog
C:\Users\Conor\documents\visual studio 2012\Projects\Approach_Two\Approach_Two\Debug\link.6804-rc.write.1.tlog
C:\Users\Conor\documents\visual studio 2012\Projects\Approach_Two\Approach_Two\Debug\link.6804.read.1.tlog
C:\Users\Conor\documents\visual studio 2012\Projects\Approach_Two\Approach_Two\Debug\link.6804.write.1.tlog
C:\Users\Conor\documents\visual studio 2012\Projects\Approach_Two\Approach_Two\Debug\link.68080-cvtres.read.1.tlog
C:\Users\Conor\documents\visual studio 2012\Projects\Approach_Two\Approach_Two\Debug\link.68080-cvtres.write.1.tlog
C:\Users\Conor\documents\visual studio 2012\Projects\Approach_Two\Approach_Two\Debug\link.68080-rc.read.1.tlog
C:\Users\Conor\documents\visual studio 2012\Projects\Approach_Two\Approach_Two\Debug\link.68080-rc.write.1.tlog
C:\Users\Conor\documents\visual studio 2012\Projects\Approach_Two\Approach_Two\Debug\link.68080.read.1.tlog
C:\Users\Conor\documents\visual studio 2012\Projects\Approach_Two\Approach_Two\Debug\link.68080.write.1.tlog
C:\Users\Conor\documents\visual studio 2012\Projects\Approach_Two\Approach_Two\Debug\link.68100-cvtres.read.1.tlog
C:\Users\Conor\documents\visual studio 2012\Projects\Approach_Two\Approach_Two\Debug\link.68100-cvtres.write.1.tlog
C:\Users\Conor\documents\visual studio 2012\Projects\Approach_Two\Approach_Two\Debug\link.68100-rc.read.1.tlog
C:\Users\Conor\documents\visual studio 2012\Projects\Approach_Two\Approach_Two\Debug\link.68100-rc.write.1.tlog
C:\Users\Conor\documents\visual studio 2012\Projects\Approach_Two\Approach_Two\Debug\link.68100.read.1.tlog
C:\Users\Conor\documents\visual studio 2012\Projects\Approach_Two\Approach_Two\Debug\link.68100.write.1.tlog
C:\Users\Conor\documents\visual studio 2012\Projects\Approach_Two\Approach_Two\Debug\link.68120-cvtres.read.1.tlog
C:\Users\Conor\documents\visual studio 2012\Projects\Approach_Two\Approach_Two\Debug\link.68120-cvtres.write.1.tlog
C:\Users\Conor\documents\visual studio 2012\Projects\Approach_Two\Approach_Two\Debug\link.68120-rc.read.1.tlog
C:\Users\Conor\documents\visual studio 2012\Projects\Approach_Two\Approach_Two\Debug\link.68120-rc.write.1.tlog
C:\Users\Conor\documents\visual studio 2012\Projects\Approach_Two\Approach_Two\Debug\link.68120.read.1.tlog
C:\Users\Conor\documents\visual studio 2012\Projects\Approach_Two\Approach_Two\Debug\link.68120.write.1.tlog
C:\Users\Conor\documents\visual studio 2012\Projects\Approach_Two\Approach_Two\Debug\link.68464-cvtres.read.1.tlog
C:\Users\Conor\documents\visual studio 2012\Projects\Approach_Two\Approach_Two\Debug\link.68464-cvtres.write.1.tlog
C:\Users\Conor\documents\visual studio 2012\Projects\Approach_Two\Approach_Two\Debug\link.68464-rc.read.1.tlog
C:\Users\Conor\documents\visual studio 2012\Projects\Approach_Two\Approach_Two\Debug\link.68464-rc.write.1.tlog
C:\Users\Conor\documents\visual studio 2012\Projects\Approach_Two\Approach_Two\Debug\link.68464.read.1.tlog
C:\Users\Conor\documents\visual studio 2012\Projects\Approach_Two\Approach_Two\Debug\link.68464.write.1.tlog
C:\Users\Conor\documents\visual studio 2012\Projects\Approach_Two\Approach_Two\Debug\link.68492-cvtres.read.1.tlog
C:\Users\Conor\documents\visual studio 2012\Projects\Approach_Two\Approach_Two\Debug\link.68492-cvtres.write.1.tlog
C:\Users\Conor\documents\visual studio 2012\Projects\Approach_Two\Approach_Two\Debug\link.68492-rc.read.1.tlog
C:\Users\Conor\documents\visual studio 2012\Projects\Approach_Two\Approach_Two\Debug\link.68492-rc.write.1.tlog
C:\Users\Conor\documents\visual studio 2012\Projects\Approach_Two\Approach_Two\Debug\link.68492.read.1.tlog
C:\Users\Conor\documents\visual studio 2012\Projects\Approach_Two\Approach_Two\Debug\link.68492.write.1.tlog
C:\Users\Conor\documents\visual studio 2012\Projects\Approach_Two\Approach_Two\Debug\link.68532-cvtres.read.1.tlog
C:\Users\Conor\documents\visual studio 2012\Projects\Approach_Two\Approach_Two\Debug\link.68532-cvtres.write.1.tlog
C:\Users\Conor\documents\visual studio 2012\Projects\Approach_Two\Approach_Two\Debug\link.68532-rc.read.1.tlog
C:\Users\Conor\documents\visual studio 2012\Projects\Approach_Two\Approach_Two\Debug\link.68532-rc.write.1.tlog
C:\Users\Conor\documents\visual studio 2012\Projects\Approach_Two\Approach_Two\Debug\link.68532.read.1.tlog
C:\Users\Conor\documents\visual studio 2012\Projects\Approach_Two\Approach_Two\Debug\link.68532.write.1.tlog
C:\Users\Conor\documents\visual studio 2012\Projects\Approach_Two\Approach_Two\Debug\link.68580-cvtres.read.1.tlog
C:\Users\Conor\documents\visual studio 2012\Projects\Approach_Two\Approach_Two\Debug\link.68580-cvtres.write.1.tlog
C:\Users\Conor\documents\visual studio 2012\Projects\Approach_Two\Approach_Two\Debug\link.68580-rc.read.1.tlog
C:\Users\Conor\documents\visual studio 2012\Projects\Approach_Two\Approach_Two\Debug\link.68580-rc.write.1.tlog
C:\Users\Conor\documents\visual studio 2012\Projects\Approach_Two\Approach_Two\Debug\link.68580.read.1.tlog
C:\Users\Conor\documents\visual studio 2012\Projects\Approach_Two\Approach_Two\Debug\link.68580.write.1.tlog
C:\Users\Conor\documents\visual studio 2012\Projects\Approach_Two\Approach_Two\Debug\link.68664-cvtres.read.1.tlog
C:\Users\Conor\documents\visual studio 2012\Projects\Approach_Two\Approach_Two\Debug\link.68664-cvtres.write.1.tlog
C:\Users\Conor\documents\visual studio 2012\Projects\Approach_Two\Approach_Two\Debug\link.68664-rc.read.1.tlog
C:\Users\Conor\documents\visual studio 2012\Projects\Approach_Two\Approach_Two\Debug\link.68664-rc.write.1.tlog
C:\Users\Conor\documents\visual studio 2012\Projects\Approach_Two\Approach_Two\Debug\link.68664.read.1.tlog
C:\Users\Conor\documents\visual studio 2012\Projects\Approach_Two\Approach_Two\Debug\link.68664.write.1.tlog
C:\Users\Conor\documents\visual studio 2012\Projects\Approach_Two\Approach_Two\Debug\link.68684-cvtres.read.1.tlog
C:\Users\Conor\documents\visual studio 2012\Projects\Approach_Two\Approach_Two\Debug\link.68684-cvtres.write.1.tlog
C:\Users\Conor\documents\visual studio 2012\Projects\Approach_Two\Approach_Two\Debug\link.68684-rc.read.1.tlog
C:\Users\Conor\documents\visual studio 2012\Projects\Approach_Two\Approach_Two\Debug\link.68684-rc.write.1.tlog
C:\Users\Conor\documents\visual studio 2012\Projects\Approach_Two\Approach_Two\Debug\link.68684.read.1.tlog
C:\Users\Conor\documents\visual studio 2012\Projects\Approach_Two\Approach_Two\Debug\link.68684.write.1.tlog
C:\Users\Conor\documents\visual studio 2012\Projects\Approach_Two\Approach_Two\Debug\link.68688-cvtres.read.1.tlog
C:\Users\Conor\documents\visual studio 2012\Projects\Approach_Two\Approach_Two\Debug\link.68688-cvtres.write.1.tlog
C:\Users\Conor\documents\visual studio 2012\Projects\Approach_Two\Approach_Two\Debug\link.68688-rc.read.1.tlog
C:\Users\Conor\documents\visual studio 2012\Projects\Approach_Two\Approach_Two\Debug\link.68688-rc.write.1.tlog
C:\Users\Conor\documents\visual studio 2012\Projects\Approach_Two\Approach_Two\Debug\link.68688.read.1.tlog
C:\Users\Conor\documents\visual studio 2012\Projects\Approach_Two\Approach_Two\Debug\link.68688.write.1.tlog
C:\Users\Conor\documents\visual studio 2012\Projects\Approach_Two\Approach_Two\Debug\link.69160-cvtres.read.1.tlog
C:\Users\Conor\documents\visual studio 2012\Projects\Approach_Two\Approach_Two\Debug\link.69160-cvtres.write.1.tlog
C:\Users\Conor\documents\visual studio 2012\Projects\Approach_Two\Approach_Two\Debug\link.69160-rc.read.1.tlog
C:\Users\Conor\documents\visual studio 2012\Projects\Approach_Two\Approach_Two\Debug\link.69160-rc.write.1.tlog
C:\Users\Conor\documents\visual studio 2012\Projects\Approach_Two\Approach_Two\Debug\link.69160.read.1.tlog
C:\Users\Conor\documents\visual studio 2012\Projects\Approach_Two\Approach_Two\Debug\link.69160.write.1.tlog
C:\Users\Conor\documents\visual studio 2012\Projects\Approach_Two\Approach_Two\Debug\link.69232-cvtres.read.1.tlog
C:\Users\Conor\documents\visual studio 2012\Projects\Approach_Two\Approach_Two\Debug\link.69232-cvtres.write.1.tlog
C:\Users\Conor\documents\visual studio 2012\Projects\Approach_Two\Approach_Two\Debug\link.69232-rc.read.1.tlog
C:\Users\Conor\documents\visual studio 2012\Projects\Approach_Two\Approach_Two\Debug\link.69232-rc.write.1.tlog
C:\Users\Conor\documents\visual studio 2012\Projects\Approach_Two\Approach_Two\Debug\link.69232.read.1.tlog
C:\Users\Conor\documents\visual studio 2012\Projects\Approach_Two\Approach_Two\Debug\link.69232.write.1.tlog
C:\Users\Conor\documents\visual studio 2012\Projects\Approach_Two\Approach_Two\Debug\link.69424-cvtres.read.1.tlog
C:\Users\Conor\documents\visual studio 2012\Projects\Approach_Two\Approach_Two\Debug\link.69424-cvtres.write.1.tlog
C:\Users\Conor\documents\visual studio 2012\Projects\Approach_Two\Approach_Two\Debug\link.69424-rc.read.1.tlog
C:\Users\Conor\documents\visual studio 2012\Projects\Approach_Two\Approach_Two\Debug\link.69424-rc.write.1.tlog
C:\Users\Conor\documents\visual studio 2012\Projects\Approach_Two\Approach_Two\Debug\link.69424.read.1.tlog
C:\Users\Conor\documents\visual studio 2012\Projects\Approach_Two\Approach_Two\Debug\link.69424.write.1.tlog
C:\Users\Conor\documents\visual studio 2012\Projects\Approach_Two\Approach_Two\Debug\link.69448-cvtres.read.1.tlog
C:\Users\Conor\documents\visual studio 2012\Projects\Approach_Two\Approach_Two\Debug\link.69448-cvtres.write.1.tlog
C:\Users\Conor\documents\visual studio 2012\Projects\Approach_Two\Approach_Two\Debug\link.69448-rc.read.1.tlog
C:\Users\Conor\documents\visual studio 2012\Projects\Approach_Two\Approach_Two\Debug\link.69448-rc.write.1.tlog
C:\Users\Conor\documents\visual studio 2012\Projects\Approach_Two\Approach_Two\Debug\link.69448.read.1.tlog
C:\Users\Conor\documents\visual studio 2012\Projects\Approach_Two\Approach_Two\Debug\link.69448.write.1.tlog
C:\Users\Conor\documents\visual studio 2012\Projects\Approach_Two\Approach_Two\Debug\link.69572-cvtres.read.1.tlog
C:\Users\Conor\documents\visual studio 2012\Projects\Approach_Two\Approach_Two\Debug\link.69572-cvtres.write.1.tlog
C:\Users\Conor\documents\visual studio 2012\Projects\Approach_Two\Approach_Two\Debug\link.69572-rc.read.1.tlog
C:\Users\Conor\documents\visual studio 2012\Projects\Approach_Two\Approach_Two\Debug\link.69572-rc.write.1.tlog
C:\Users\Conor\documents\visual studio 2012\Projects\Approach_Two\Approach_Two\Debug\link.69572.read.1.tlog
C:\Users\Conor\documents\visual studio 2012\Projects\Approach_Two\Approach_Two\Debug\link.69572.write.1.tlog
C:\Users\Conor\documents\visual studio 2012\Projects\Approach_Two\Approach_Two\Debug\link.732-cvtres.read.1.tlog
C:\Users\Conor\documents\visual studio 2012\Projects\Approach_Two\Approach_Two\Debug\link.732-cvtres.write.1.tlog
C:\Users\Conor\documents\visual studio 2012\Projects\Approach_Two\Approach_Two\Debug\link.732-rc.read.1.tlog
C:\Users\Conor\documents\visual studio 2012\Projects\Approach_Two\Approach_Two\Debug\link.732-rc.write.1.tlog
C:\Users\Conor\documents\visual studio 2012\Projects\Approach_Two\Approach_Two\Debug\link.732.read.1.tlog
C:\Users\Conor\documents\visual studio 2012\Projects\Approach_Two\Approach_Two\Debug\link.732.write.1.tlog
C:\Users\Conor\documents\visual studio 2012\Projects\Approach_Two\Approach_Two\Debug\link.7804-cvtres.read.1.tlog
C:\Users\Conor\documents\visual studio 2012\Projects\Approach_Two\Approach_Two\Debug\link.7804-cvtres.write.1.tlog
C:\Users\Conor\documents\visual studio 2012\Projects\Approach_Two\Approach_Two\Debug\link.7804-rc.read.1.tlog
C:\Users\Conor\documents\visual studio 2012\Projects\Approach_Two\Approach_Two\Debug\link.7804-rc.write.1.tlog
C:\Users\Conor\documents\visual studio 2012\Projects\Approach_Two\Approach_Two\Debug\link.7804.read.1.tlog
C:\Users\Conor\documents\visual studio 2012\Projects\Approach_Two\Approach_Two\Debug\link.7804.write.1.tlog
C:\Users\Conor\documents\visual studio 2012\Projects\Approach_Two\Approach_Two\Debug\link.7880-cvtres.read.1.tlog
C:\Users\Conor\documents\visual studio 2012\Projects\Approach_Two\Approach_Two\Debug\link.7880-cvtres.write.1.tlog
C:\Users\Conor\documents\visual studio 2012\Projects\Approach_Two\Approach_Two\Debug\link.7880-rc.read.1.tlog
C:\Users\Conor\documents\visual studio 2012\Projects\Approach_Two\Approach_Two\Debug\link.7880-rc.write.1.tlog
C:\Users\Conor\documents\visual studio 2012\Projects\Approach_Two\Approach_Two\Debug\link.7880.read.1.tlog
C:\Users\Conor\documents\visual studio 2012\Projects\Approach_Two\Approach_Two\Debug\link.7880.write.1.tlog
C:\Users\Conor\documents\visual studio 2012\Projects\Approach_Two\Approach_Two\Debug\link.8088-cvtres.read.1.tlog
C:\Users\Conor\documents\visual studio 2012\Projects\Approach_Two\Approach_Two\Debug\link.8088-cvtres.write.1.tlog
C:\Users\Conor\documents\visual studio 2012\Projects\Approach_Two\Approach_Two\Debug\link.8088-rc.read.1.tlog
C:\Users\Conor\documents\visual studio 2012\Projects\Approach_Two\Approach_Two\Debug\link.8088-rc.write.1.tlog
C:\Users\Conor\documents\visual studio 2012\Projects\Approach_Two\Approach_Two\Debug\link.8088.read.1.tlog
C:\Users\Conor\documents\visual studio 2012\Projects\Approach_Two\Approach_Two\Debug\link.8088.write.1.tlog
C:\Users\Conor\documents\visual studio 2012\Projects\Approach_Two\Approach_Two\Debug\link.8968-cvtres.read.1.tlog
C:\Users\Conor\documents\visual studio 2012\Projects\Approach_Two\Approach_Two\Debug\link.8968-cvtres.write.1.tlog
C:\Users\Conor\documents\visual studio 2012\Projects\Approach_Two\Approach_Two\Debug\link.8968-rc.read.1.tlog
C:\Users\Conor\documents\visual studio 2012\Projects\Approach_Two\Approach_Two\Debug\link.8968-rc.write.1.tlog
C:\Users\Conor\documents\visual studio 2012\Projects\Approach_Two\Approach_Two\Debug\link.8968.read.1.tlog
C:\Users\Conor\documents\visual studio 2012\Projects\Approach_Two\Approach_Two\Debug\link.8968.write.1.tlog
C:\Users\Conor\documents\visual studio 2012\Projects\Approach_Two\Approach_Two\Debug\link.9604-cvtres.read.1.tlog
C:\Users\Conor\documents\visual studio 2012\Projects\Approach_Two\Approach_Two\Debug\link.9604-cvtres.write.1.tlog
C:\Users\Conor\documents\visual studio 2012\Projects\Approach_Two\Approach_Two\Debug\link.9604-rc.read.1.tlog
C:\Users\Conor\documents\visual studio 2012\Projects\Approach_Two\Approach_Two\Debug\link.9604-rc.write.1.tlog
C:\Users\Conor\documents\visual studio 2012\Projects\Approach_Two\Approach_Two\Debug\link.9604.read.1.tlog
C:\Users\Conor\documents\visual studio 2012\Projects\Approach_Two\Approach_Two\Debug\link.9604.write.1.tlog
C:\Users\Conor\documents\visual studio 2012\Projects\Approach_Two\Approach_Two\Debug\link.9608-cvtres.read.1.tlog
C:\Users\Conor\documents\visual studio 2012\Projects\Approach_Two\Approach_Two\Debug\link.9608-cvtres.write.1.tlog
C:\Users\Conor\documents\visual studio 2012\Projects\Approach_Two\Approach_Two\Debug\link.9608-rc.read.1.tlog
C:\Users\Conor\documents\visual studio 2012\Projects\Approach_Two\Approach_Two\Debug\link.9608-rc.write.1.tlog
C:\Users\Conor\documents\visual studio 2012\Projects\Approach_Two\Approach_Two\Debug\link.9608.read.1.tlog
C:\Users\Conor\documents\visual studio 2012\Projects\Approach_Two\Approach_Two\Debug\link.9608.write.1.tlog
C:\Users\Conor\documents\visual studio 2012\Projects\Approach_Two\Approach_Two\Debug\link.9980-cvtres.read.1.tlog
C:\Users\Conor\documents\visual studio 2012\Projects\Approach_Two\Approach_Two\Debug\link.9980-cvtres.write.1.tlog
C:\Users\Conor\documents\visual studio 2012\Projects\Approach_Two\Approach_Two\Debug\link.9980-rc.read.1.tlog
C:\Users\Conor\documents\visual studio 2012\Projects\Approach_Two\Approach_Two\Debug\link.9980-rc.write.1.tlog
C:\Users\Conor\documents\visual studio 2012\Projects\Approach_Two\Approach_Two\Debug\link.9980.read.1.tlog
C:\Users\Conor\documents\visual studio 2012\Projects\Approach_Two\Approach_Two\Debug\link.9980.write.1.tlog
C:\Users\Conor\documents\visual studio 2012\Projects\Approach_Two\Approach_Two\Debug\link.command.1.tlog
C:\Users\Conor\documents\visual studio 2012\Projects\Approach_Two\Approach_Two\Debug\link.read.1.tlog
C:\Users\Conor\documents\visual studio 2012\Projects\Approach_Two\Approach_Two\Debug\link.write.1.tlog
C:\Users\Conor\documents\visual studio 2012\Projects\Approach_Two\Approach_Two\Debug\vc110.idb
C:\Users\Conor\documents\visual studio 2012\Projects\Approach_Two\Approach_Two\Debug\vc110.pdb
C:\Users\Conor\documents\visual studio 2012\Projects\Approach_Two\Debug\Approach_Two.pdb
C:\Users\Conor\documents\visual studio 2012\Projects\Approach_Two\Debug\Approach_Two.exe
C:\Users\Conor\documents\visual studio 2012\Projects\Approach_Two\Debug\Approach_Two.ilk
